TN:
SF:/home/developer/workspace/tryings/sample/tools/googletest/googletest/include/gtest/gtest-printers.h
FN:213,_ZN7testing8internal52internal_stream_operator_without_lexical_name_lookup13StreamPrinter10PrintValueImvRSoEEvRKT_PSo
FNDA:0,_ZN7testing8internal52internal_stream_operator_without_lexical_name_lookup13StreamPrinter10PrintValueImvRSoEEvRKT_PSo
FN:213,_ZN7testing8internal52internal_stream_operator_without_lexical_name_lookup13StreamPrinter10PrintValueIivRSoEEvRKT_PSo
FNDA:0,_ZN7testing8internal52internal_stream_operator_without_lexical_name_lookup13StreamPrinter10PrintValueIivRSoEEvRKT_PSo
FN:268,_ZN7testing8internal15RawBytesPrinter10PrintValueIN7IFormat10FormatTypeELm1EEEvRKT_PSo
FNDA:0,_ZN7testing8internal15RawBytesPrinter10PrintValueIN7IFormat10FormatTypeELm1EEEvRKT_PSo
FN:268,_ZN7testing8internal15RawBytesPrinter10PrintValueIN13CmdLineParser13ParsingResultELm1EEEvRKT_PSo
FNDA:0,_ZN7testing8internal15RawBytesPrinter10PrintValueIN13CmdLineParser13ParsingResultELm1EEEvRKT_PSo
FN:268,_ZN7testing8internal15RawBytesPrinter10PrintValueI7IFormatLm8EEEvRKT_PSo
FNDA:0,_ZN7testing8internal15RawBytesPrinter10PrintValueI7IFormatLm8EEEvRKT_PSo
FN:305,_ZN7testing8internal17PrintWithFallbackI7IFormatEEvRKT_PSo
FNDA:0,_ZN7testing8internal17PrintWithFallbackI7IFormatEEvRKT_PSo
FN:305,_ZN7testing8internal17PrintWithFallbackIN7IFormat10FormatTypeEEEvRKT_PSo
FNDA:0,_ZN7testing8internal17PrintWithFallbackIN7IFormat10FormatTypeEEEvRKT_PSo
FN:305,_ZN7testing8internal17PrintWithFallbackImEEvRKT_PSo
FNDA:0,_ZN7testing8internal17PrintWithFallbackImEEvRKT_PSo
FN:305,_ZN7testing8internal17PrintWithFallbackIiEEvRKT_PSo
FNDA:0,_ZN7testing8internal17PrintWithFallbackIiEEvRKT_PSo
FN:305,_ZN7testing8internal17PrintWithFallbackIN13CmdLineParser13ParsingResultEEEvRKT_PSo
FNDA:0,_ZN7testing8internal17PrintWithFallbackIN13CmdLineParser13ParsingResultEEEvRKT_PSo
FN:332,_ZN7testing8internal19FormatForComparisonIN7IFormat10FormatTypeES3_E6FormatB5cxx11ERKS3_
FNDA:0,_ZN7testing8internal19FormatForComparisonIN7IFormat10FormatTypeES3_E6FormatB5cxx11ERKS3_
FN:332,_ZN7testing8internal19FormatForComparisonImiE6FormatB5cxx11ERKm
FNDA:0,_ZN7testing8internal19FormatForComparisonImiE6FormatB5cxx11ERKm
FN:332,_ZN7testing8internal19FormatForComparisonIimE6FormatB5cxx11ERKi
FNDA:0,_ZN7testing8internal19FormatForComparisonIimE6FormatB5cxx11ERKi
FN:332,_ZN7testing8internal19FormatForComparisonIN13CmdLineParser13ParsingResultES3_E6FormatB5cxx11ERKS3_
FNDA:0,_ZN7testing8internal19FormatForComparisonIN13CmdLineParser13ParsingResultES3_E6FormatB5cxx11ERKS3_
FN:332,_ZN7testing8internal19FormatForComparisonISt10shared_ptrI7IFormatEDnE6FormatB5cxx11ERKS4_
FNDA:0,_ZN7testing8internal19FormatForComparisonISt10shared_ptrI7IFormatEDnE6FormatB5cxx11ERKS4_
FN:332,_ZN7testing8internal19FormatForComparisonIDnSt10shared_ptrI7IFormatEE6FormatB5cxx11ERKDn
FNDA:0,_ZN7testing8internal19FormatForComparisonIDnSt10shared_ptrI7IFormatEE6FormatB5cxx11ERKDn
FN:412,_ZN7testing8internal33FormatForComparisonFailureMessageISt10shared_ptrI7IFormatEDnEENSt7__cxx1112basic_stringIcSt11char_traitsIcESaIcEEERKT_RKT0_
FNDA:0,_ZN7testing8internal33FormatForComparisonFailureMessageISt10shared_ptrI7IFormatEDnEENSt7__cxx1112basic_stringIcSt11char_traitsIcESaIcEEERKT_RKT0_
FN:412,_ZN7testing8internal33FormatForComparisonFailureMessageIN13CmdLineParser13ParsingResultES3_EENSt7__cxx1112basic_stringIcSt11char_traitsIcESaIcEEERKT_RKT0_
FNDA:0,_ZN7testing8internal33FormatForComparisonFailureMessageIN13CmdLineParser13ParsingResultES3_EENSt7__cxx1112basic_stringIcSt11char_traitsIcESaIcEEERKT_RKT0_
FN:412,_ZN7testing8internal33FormatForComparisonFailureMessageIimEENSt7__cxx1112basic_stringIcSt11char_traitsIcESaIcEEERKT_RKT0_
FNDA:0,_ZN7testing8internal33FormatForComparisonFailureMessageIimEENSt7__cxx1112basic_stringIcSt11char_traitsIcESaIcEEERKT_RKT0_
FN:412,_ZN7testing8internal33FormatForComparisonFailureMessageImiEENSt7__cxx1112basic_stringIcSt11char_traitsIcESaIcEEERKT_RKT0_
FNDA:0,_ZN7testing8internal33FormatForComparisonFailureMessageImiEENSt7__cxx1112basic_stringIcSt11char_traitsIcESaIcEEERKT_RKT0_
FN:412,_ZN7testing8internal33FormatForComparisonFailureMessageIN7IFormat10FormatTypeES3_EENSt7__cxx1112basic_stringIcSt11char_traitsIcESaIcEEERKT_RKT0_
FNDA:0,_ZN7testing8internal33FormatForComparisonFailureMessageIN7IFormat10FormatTypeES3_EENSt7__cxx1112basic_stringIcSt11char_traitsIcESaIcEEERKT_RKT0_
FN:412,_ZN7testing8internal33FormatForComparisonFailureMessageIDnSt10shared_ptrI7IFormatEEENSt7__cxx1112basic_stringIcSt11char_traitsIcESaIcEEERKT_RKT0_
FNDA:0,_ZN7testing8internal33FormatForComparisonFailureMessageIDnSt10shared_ptrI7IFormatEEENSt7__cxx1112basic_stringIcSt11char_traitsIcESaIcEEERKT_RKT0_
FN:439,_ZN7testing8internal7PrintToIN13CmdLineParser13ParsingResultEEEvRKT_PSo
FNDA:0,_ZN7testing8internal7PrintToIN13CmdLineParser13ParsingResultEEEvRKT_PSo
FN:439,_ZN7testing8internal7PrintToIiEEvRKT_PSo
FNDA:0,_ZN7testing8internal7PrintToIiEEvRKT_PSo
FN:439,_ZN7testing8internal7PrintToImEEvRKT_PSo
FNDA:0,_ZN7testing8internal7PrintToImEEvRKT_PSo
FN:439,_ZN7testing8internal7PrintToIN7IFormat10FormatTypeEEEvRKT_PSo
FNDA:0,_ZN7testing8internal7PrintToIN7IFormat10FormatTypeEEEvRKT_PSo
FN:439,_ZN7testing8internal7PrintToI7IFormatEEvRKT_PSo
FNDA:0,_ZN7testing8internal7PrintToI7IFormatEEvRKT_PSo
FN:593,_ZN7testing8internal7PrintToEDnPSo
FNDA:0,_ZN7testing8internal7PrintToEDnPSo
FN:606,_ZN7testing8internal14VoidifyPointerEPKv
FNDA:0,_ZN7testing8internal14VoidifyPointerEPKv
FN:623,_ZN7testing8internal17PrintSmartPointerI7IFormatSt10shared_ptrIS2_EvEEvRKT0_PSoi
FNDA:0,_ZN7testing8internal17PrintSmartPointerI7IFormatSt10shared_ptrIS2_EvEEvRKT0_PSoi
FN:639,_ZN7testing8internal7PrintToI7IFormatEEvRKSt10shared_ptrIT_EPSo
FNDA:0,_ZN7testing8internal7PrintToI7IFormatEEvRKSt10shared_ptrIT_EPSo
FN:693,_ZN7testing8internal16UniversalPrinterIDnE5PrintERKDnPSo
FNDA:0,_ZN7testing8internal16UniversalPrinterIDnE5PrintERKDnPSo
FN:693,_ZN7testing8internal16UniversalPrinterISt10shared_ptrI7IFormatEE5PrintERKS4_PSo
FNDA:0,_ZN7testing8internal16UniversalPrinterISt10shared_ptrI7IFormatEE5PrintERKS4_PSo
FN:693,_ZN7testing8internal16UniversalPrinterIN13CmdLineParser13ParsingResultEE5PrintERKS3_PSo
FNDA:0,_ZN7testing8internal16UniversalPrinterIN13CmdLineParser13ParsingResultEE5PrintERKS3_PSo
FN:693,_ZN7testing8internal16UniversalPrinterIiE5PrintERKiPSo
FNDA:0,_ZN7testing8internal16UniversalPrinterIiE5PrintERKiPSo
FN:693,_ZN7testing8internal16UniversalPrinterImE5PrintERKmPSo
FNDA:0,_ZN7testing8internal16UniversalPrinterImE5PrintERKmPSo
FN:693,_ZN7testing8internal16UniversalPrinterIN7IFormat10FormatTypeEE5PrintERKS3_PSo
FNDA:0,_ZN7testing8internal16UniversalPrinterIN7IFormat10FormatTypeEE5PrintERKS3_PSo
FN:693,_ZN7testing8internal16UniversalPrinterI7IFormatE5PrintERKS2_PSo
FNDA:0,_ZN7testing8internal16UniversalPrinterI7IFormatE5PrintERKS2_PSo
FN:883,_ZN7testing8internal21UniversalTersePrinterIDnE5PrintERKDnPSo
FNDA:0,_ZN7testing8internal21UniversalTersePrinterIDnE5PrintERKDnPSo
FN:883,_ZN7testing8internal21UniversalTersePrinterISt10shared_ptrI7IFormatEE5PrintERKS4_PSo
FNDA:0,_ZN7testing8internal21UniversalTersePrinterISt10shared_ptrI7IFormatEE5PrintERKS4_PSo
FN:883,_ZN7testing8internal21UniversalTersePrinterIN13CmdLineParser13ParsingResultEE5PrintERKS3_PSo
FNDA:0,_ZN7testing8internal21UniversalTersePrinterIN13CmdLineParser13ParsingResultEE5PrintERKS3_PSo
FN:883,_ZN7testing8internal21UniversalTersePrinterIiE5PrintERKiPSo
FNDA:0,_ZN7testing8internal21UniversalTersePrinterIiE5PrintERKiPSo
FN:883,_ZN7testing8internal21UniversalTersePrinterImE5PrintERKmPSo
FNDA:0,_ZN7testing8internal21UniversalTersePrinterImE5PrintERKmPSo
FN:883,_ZN7testing8internal21UniversalTersePrinterIN7IFormat10FormatTypeEE5PrintERKS3_PSo
FNDA:0,_ZN7testing8internal21UniversalTersePrinterIN7IFormat10FormatTypeEE5PrintERKS3_PSo
FN:995,_ZN7testing8internal14UniversalPrintIN7IFormat10FormatTypeEEEvRKT_PSo
FNDA:0,_ZN7testing8internal14UniversalPrintIN7IFormat10FormatTypeEEEvRKT_PSo
FN:995,_ZN7testing8internal14UniversalPrintISt10shared_ptrI7IFormatEEEvRKT_PSo
FNDA:0,_ZN7testing8internal14UniversalPrintISt10shared_ptrI7IFormatEEEvRKT_PSo
FN:995,_ZN7testing8internal14UniversalPrintImEEvRKT_PSo
FNDA:0,_ZN7testing8internal14UniversalPrintImEEvRKT_PSo
FN:995,_ZN7testing8internal14UniversalPrintIiEEvRKT_PSo
FNDA:0,_ZN7testing8internal14UniversalPrintIiEEvRKT_PSo
FN:995,_ZN7testing8internal14UniversalPrintIN13CmdLineParser13ParsingResultEEEvRKT_PSo
FNDA:0,_ZN7testing8internal14UniversalPrintIN13CmdLineParser13ParsingResultEEEvRKT_PSo
FN:995,_ZN7testing8internal14UniversalPrintIDnEEvRKT_PSo
FNDA:0,_ZN7testing8internal14UniversalPrintIDnEEvRKT_PSo
FN:1035,_ZN7testing13PrintToStringIDnEENSt7__cxx1112basic_stringIcSt11char_traitsIcESaIcEEERKT_
FNDA:0,_ZN7testing13PrintToStringIDnEENSt7__cxx1112basic_stringIcSt11char_traitsIcESaIcEEERKT_
FN:1035,_ZN7testing13PrintToStringISt10shared_ptrI7IFormatEEENSt7__cxx1112basic_stringIcSt11char_traitsIcESaIcEEERKT_
FNDA:0,_ZN7testing13PrintToStringISt10shared_ptrI7IFormatEEENSt7__cxx1112basic_stringIcSt11char_traitsIcESaIcEEERKT_
FN:1035,_ZN7testing13PrintToStringIN13CmdLineParser13ParsingResultEEENSt7__cxx1112basic_stringIcSt11char_traitsIcESaIcEEERKT_
FNDA:0,_ZN7testing13PrintToStringIN13CmdLineParser13ParsingResultEEENSt7__cxx1112basic_stringIcSt11char_traitsIcESaIcEEERKT_
FN:1035,_ZN7testing13PrintToStringIiEENSt7__cxx1112basic_stringIcSt11char_traitsIcESaIcEEERKT_
FNDA:0,_ZN7testing13PrintToStringIiEENSt7__cxx1112basic_stringIcSt11char_traitsIcESaIcEEERKT_
FN:1035,_ZN7testing13PrintToStringImEENSt7__cxx1112basic_stringIcSt11char_traitsIcESaIcEEERKT_
FNDA:0,_ZN7testing13PrintToStringImEENSt7__cxx1112basic_stringIcSt11char_traitsIcESaIcEEERKT_
FN:1035,_ZN7testing13PrintToStringIN7IFormat10FormatTypeEEENSt7__cxx1112basic_stringIcSt11char_traitsIcESaIcEEERKT_
FNDA:0,_ZN7testing13PrintToStringIN7IFormat10FormatTypeEEENSt7__cxx1112basic_stringIcSt11char_traitsIcESaIcEEERKT_
DA:213,0
DA:216,0
DA:217,0
DA:213,0
DA:216,0
DA:217,0
DA:268,0
DA:269,0
DA:272,0
DA:274,0
DA:268,0
DA:269,0
DA:272,0
DA:274,0
DA:268,0
DA:269,0
DA:272,0
DA:274,0
DA:305,0
DA:311,0
DA:312,0
DA:305,0
DA:311,0
DA:312,0
DA:305,0
DA:311,0
DA:312,0
DA:305,0
DA:311,0
DA:312,0
DA:305,0
DA:311,0
DA:312,0
DA:332,0
DA:333,0
DA:332,0
DA:333,0
DA:332,0
DA:333,0
DA:332,0
DA:333,0
DA:332,0
DA:333,0
DA:332,0
DA:333,0
DA:412,0
DA:414,0
DA:412,0
DA:414,0
DA:412,0
DA:414,0
DA:412,0
DA:414,0
DA:412,0
DA:414,0
DA:412,0
DA:414,0
DA:439,0
DA:440,0
DA:441,0
DA:439,0
DA:440,0
DA:441,0
DA:439,0
DA:440,0
DA:441,0
DA:439,0
DA:440,0
DA:441,0
DA:439,0
DA:440,0
DA:441,0
DA:593,0
DA:606,0
DA:623,0
DA:624,0
DA:625,0
DA:627,0
DA:628,0
DA:629,0
DA:631,0
DA:639,0
DA:640,0
DA:641,0
DA:693,0
DA:702,0
DA:703,0
DA:693,0
DA:702,0
DA:703,0
DA:693,0
DA:702,0
DA:703,0
DA:693,0
DA:702,0
DA:703,0
DA:693,0
DA:702,0
DA:703,0
DA:693,0
DA:702,0
DA:703,0
DA:693,0
DA:702,0
DA:703,0
DA:883,0
DA:884,0
DA:885,0
DA:883,0
DA:884,0
DA:885,0
DA:883,0
DA:884,0
DA:885,0
DA:883,0
DA:884,0
DA:885,0
DA:883,0
DA:884,0
DA:885,0
DA:883,0
DA:884,0
DA:885,0
DA:995,0
DA:999,0
DA:1000,0
DA:995,0
DA:999,0
DA:1000,0
DA:995,0
DA:999,0
DA:1000,0
DA:995,0
DA:999,0
DA:1000,0
DA:995,0
DA:999,0
DA:1000,0
DA:995,0
DA:999,0
DA:1000,0
DA:1035,0
DA:1036,0
DA:1037,0
DA:1038,0
DA:1035,0
DA:1036,0
DA:1037,0
DA:1038,0
DA:1035,0
DA:1036,0
DA:1037,0
DA:1038,0
DA:1035,0
DA:1036,0
DA:1037,0
DA:1038,0
DA:1035,0
DA:1036,0
DA:1037,0
DA:1038,0
DA:1035,0
DA:1036,0
DA:1037,0
DA:1038,0
end_of_record
SF:/home/developer/workspace/tryings/sample/tools/googletest/googletest/include/gtest/gtest-assertion-result.h
FN:174,_ZNK7testing15AssertionResultcvbEv
FNDA:0,_ZNK7testing15AssertionResultcvbEv
FN:183,_ZNK7testing15AssertionResult7messageEv
FNDA:0,_ZNK7testing15AssertionResult7messageEv
FN:187,_ZNK7testing15AssertionResult15failure_messageEv
FNDA:0,_ZNK7testing15AssertionResult15failure_messageEv
FN:191,_ZN7testing15AssertionResultlsIA5_cEERS0_RKT_
FNDA:0,_ZN7testing15AssertionResultlsIA5_cEERS0_RKT_
FN:191,_ZN7testing15AssertionResultlsINSt7__cxx1112basic_stringIcSt11char_traitsIcESaIcEEEEERS0_RKT_
FNDA:0,_ZN7testing15AssertionResultlsINSt7__cxx1112basic_stringIcSt11char_traitsIcESaIcEEEEERS0_RKT_
FN:191,_ZN7testing15AssertionResultlsIA3_cEERS0_RKT_
FNDA:0,_ZN7testing15AssertionResultlsIA3_cEERS0_RKT_
FN:191,_ZN7testing15AssertionResultlsIPKcEERS0_RKT_
FNDA:0,_ZN7testing15AssertionResultlsIPKcEERS0_RKT_
FN:191,_ZN7testing15AssertionResultlsIA12_cEERS0_RKT_
FNDA:0,_ZN7testing15AssertionResultlsIA12_cEERS0_RKT_
FN:206,_ZN7testing15AssertionResult13AppendMessageERKNS_7MessageE
FNDA:0,_ZN7testing15AssertionResult13AppendMessageERKNS_7MessageE
DA:174,0
DA:183,0
DA:184,0
DA:187,0
DA:191,0
DA:192,0
DA:193,0
DA:191,0
DA:192,0
DA:193,0
DA:191,0
DA:192,0
DA:193,0
DA:191,0
DA:192,0
DA:193,0
DA:191,0
DA:192,0
DA:193,0
DA:206,0
DA:207,0
DA:208,0
DA:209,0
end_of_record
SF:/home/developer/workspace/tryings/sample/src/core/CmdLineParser.hpp
FN:25,_ZN13CmdLineParserD2Ev
FNDA:0,_ZN13CmdLineParserD2Ev
DA:25,0
end_of_record
SF:/home/developer/workspace/tryings/sample/tests/core/CmdLineParserTest.cpp
FN:10,_ZN37CmdLineParserTest_consoleOptions_TestC2Ev
FNDA:0,_ZN37CmdLineParserTest_consoleOptions_TestC2Ev
FN:10,_ZN37CmdLineParserTest_consoleOptions_TestD0Ev
FNDA:0,_ZN37CmdLineParserTest_consoleOptions_TestD0Ev
FN:10,_ZN37CmdLineParserTest_consoleOptions_TestD2Ev
FNDA:0,_ZN37CmdLineParserTest_consoleOptions_TestD2Ev
FN:10,_ZN37CmdLineParserTest_consoleOptions_Test8TestBodyEv
FNDA:0,_ZN37CmdLineParserTest_consoleOptions_Test8TestBodyEv
DA:10,0
DA:10,0
DA:10,0
DA:10,0
DA:12,0
DA:15,0
DA:16,0
DA:18,0
DA:19,0
DA:20,0
DA:21,0
DA:22,0
DA:23,0
DA:24,0
DA:25,0
end_of_record
SF:/home/developer/workspace/tryings/sample/tools/googletest/googletest/include/gtest/internal/gtest-port.h
FN:967,_ZN7testing8internal8GTestLog9GetStreamEv
FNDA:0,_ZN7testing8internal8GTestLog9GetStreamEv
DA:967,0
end_of_record
SF:/home/developer/workspace/tryings/sample/tools/googletest/googletest/include/gtest/gtest-message.h
FN:114,_ZN7testing7MessagelsIA5_cEERS0_RKT_
FNDA:0,_ZN7testing7MessagelsIA5_cEERS0_RKT_
FN:114,_ZN7testing7MessagelsINSt7__cxx1112basic_stringIcSt11char_traitsIcESaIcEEEEERS0_RKT_
FNDA:0,_ZN7testing7MessagelsINSt7__cxx1112basic_stringIcSt11char_traitsIcESaIcEEEEERS0_RKT_
FN:114,_ZN7testing7MessagelsIA3_cEERS0_RKT_
FNDA:0,_ZN7testing7MessagelsIA3_cEERS0_RKT_
FN:114,_ZN7testing7MessagelsIA12_cEERS0_RKT_
FNDA:0,_ZN7testing7MessagelsIA12_cEERS0_RKT_
FN:148,_ZN7testing7MessagelsIKcEERS0_RKPT_
FNDA:0,_ZN7testing7MessagelsIKcEERS0_RKPT_
DA:114,0
DA:130,0
DA:131,0
DA:114,0
DA:130,0
DA:131,0
DA:114,0
DA:130,0
DA:131,0
DA:114,0
DA:130,0
DA:131,0
DA:148,0
DA:149,0
DA:150,0
DA:152,0
DA:154,0
end_of_record
SF:/home/developer/workspace/tryings/sample/tools/googletest/googletest/include/gtest/internal/gtest-internal.h
FN:451,_ZN7testing8internal15TestFactoryBaseD0Ev
FNDA:0,_ZN7testing8internal15TestFactoryBaseD0Ev
FN:451,_ZN7testing8internal15TestFactoryBaseD2Ev
FNDA:0,_ZN7testing8internal15TestFactoryBaseD2Ev
FN:458,_ZN7testing8internal15TestFactoryBaseC2Ev
FNDA:0,_ZN7testing8internal15TestFactoryBaseC2Ev
FN:470,_ZN7testing8internal15TestFactoryImplI37CmdLineParserTest_consoleOptions_TestE10CreateTestEv
FNDA:0,_ZN7testing8internal15TestFactoryImplI37CmdLineParserTest_consoleOptions_TestE10CreateTestEv
FN:491,_ZN7testing8internal12CodeLocationC2ERKNSt7__cxx1112basic_stringIcSt11char_traitsIcESaIcEEEi
FNDA:0,_ZN7testing8internal12CodeLocationC2ERKNSt7__cxx1112basic_stringIcSt11char_traitsIcESaIcEEEi
FN:504,_ZN7testing8internal19GetNotDefaultOrNullEPFvvES2_
FNDA:0,_ZN7testing8internal19GetNotDefaultOrNullEPFvvES2_
FN:519,_ZN7testing8internal16SuiteApiResolverINS_4TestEE19GetSetUpCaseOrSuiteEPKci
FNDA:0,_ZN7testing8internal16SuiteApiResolverINS_4TestEE19GetSetUpCaseOrSuiteEPKci
FN:540,_ZN7testing8internal16SuiteApiResolverINS_4TestEE22GetTearDownCaseOrSuiteEPKci
FNDA:0,_ZN7testing8internal16SuiteApiResolverINS_4TestEE22GetTearDownCaseOrSuiteEPKci
DA:451,0
DA:451,0
DA:458,0
DA:470,0
DA:491,0
DA:492,0
DA:504,0
DA:506,0
DA:519,0
DA:523,0
DA:525,0
DA:527,0
DA:530,0
DA:532,0
DA:540,0
DA:544,0
DA:546,0
DA:548,0
DA:551,0
DA:553,0
end_of_record
SF:/home/developer/workspace/tryings/sample/tools/googletest/googletest/include/gtest/gtest.h
FN:244,_ZN7testing4Test14SetUpTestSuiteEv
FNDA:0,_ZN7testing4Test14SetUpTestSuiteEv
FN:252,_ZN7testing4Test17TearDownTestSuiteEv
FNDA:0,_ZN7testing4Test17TearDownTestSuiteEv
FN:257,_ZN7testing4Test16TearDownTestCaseEv
FNDA:0,_ZN7testing4Test16TearDownTestCaseEv
FN:258,_ZN7testing4Test13SetUpTestCaseEv
FNDA:0,_ZN7testing4Test13SetUpTestCaseEv
FN:339,_ZN7testing4Test5SetupEv
FNDA:0,_ZN7testing4Test5SetupEv
FN:1338,_ZN7testing8internal18CmpHelperEQFailureIN7IFormat10FormatTypeES3_EENS_15AssertionResultEPKcS6_RKT_RKT0_
FNDA:0,_ZN7testing8internal18CmpHelperEQFailureIN7IFormat10FormatTypeES3_EENS_15AssertionResultEPKcS6_RKT_RKT0_
FN:1338,_ZN7testing8internal18CmpHelperEQFailureIimEENS_15AssertionResultEPKcS4_RKT_RKT0_
FNDA:0,_ZN7testing8internal18CmpHelperEQFailureIimEENS_15AssertionResultEPKcS4_RKT_RKT0_
FN:1338,_ZN7testing8internal18CmpHelperEQFailureIN13CmdLineParser13ParsingResultES3_EENS_15AssertionResultEPKcS6_RKT_RKT0_
FNDA:0,_ZN7testing8internal18CmpHelperEQFailureIN13CmdLineParser13ParsingResultES3_EENS_15AssertionResultEPKcS6_RKT_RKT0_
FN:1355,_ZN7testing8internal11CmpHelperEQIN7IFormat10FormatTypeES3_EENS_15AssertionResultEPKcS6_RKT_RKT0_
FNDA:0,_ZN7testing8internal11CmpHelperEQIN7IFormat10FormatTypeES3_EENS_15AssertionResultEPKcS6_RKT_RKT0_
FN:1355,_ZN7testing8internal11CmpHelperEQIimEENS_15AssertionResultEPKcS4_RKT_RKT0_
FNDA:0,_ZN7testing8internal11CmpHelperEQIimEENS_15AssertionResultEPKcS4_RKT_RKT0_
FN:1355,_ZN7testing8internal11CmpHelperEQIN13CmdLineParser13ParsingResultES3_EENS_15AssertionResultEPKcS6_RKT_RKT0_
FNDA:0,_ZN7testing8internal11CmpHelperEQIN13CmdLineParser13ParsingResultES3_EENS_15AssertionResultEPKcS6_RKT_RKT0_
FN:1374,_ZN7testing8internal8EqHelper7CompareIN7IFormat10FormatTypeES4_LPv0EEENS_15AssertionResultEPKcS8_RKT_RKT0_
FNDA:0,_ZN7testing8internal8EqHelper7CompareIN7IFormat10FormatTypeES4_LPv0EEENS_15AssertionResultEPKcS8_RKT_RKT0_
FN:1374,_ZN7testing8internal8EqHelper7CompareIimLPv0EEENS_15AssertionResultEPKcS6_RKT_RKT0_
FNDA:0,_ZN7testing8internal8EqHelper7CompareIimLPv0EEENS_15AssertionResultEPKcS6_RKT_RKT0_
FN:1374,_ZN7testing8internal8EqHelper7CompareIN13CmdLineParser13ParsingResultES4_LPv0EEENS_15AssertionResultEPKcS8_RKT_RKT0_
FNDA:0,_ZN7testing8internal8EqHelper7CompareIN13CmdLineParser13ParsingResultES4_LPv0EEENS_15AssertionResultEPKcS8_RKT_RKT0_
FN:1407,_ZN7testing8internal18CmpHelperOpFailureIDnSt10shared_ptrI7IFormatEEENS_15AssertionResultEPKcS7_RKT_RKT0_S7_
FNDA:0,_ZN7testing8internal18CmpHelperOpFailureIDnSt10shared_ptrI7IFormatEEENS_15AssertionResultEPKcS7_RKT_RKT0_S7_
FN:1436,_ZN7testing8internal11CmpHelperNEIDnSt10shared_ptrI7IFormatEEENS_15AssertionResultEPKcS7_RKT_RKT0_
FNDA:0,_ZN7testing8internal11CmpHelperNEIDnSt10shared_ptrI7IFormatEEENS_15AssertionResultEPKcS7_RKT_RKT0_
DA:244,0
DA:252,0
DA:257,0
DA:258,0
DA:339,0
DA:1338,0
DA:1343,0
DA:1338,0
DA:1343,0
DA:1338,0
DA:1343,0
DA:1355,0
DA:1358,0
DA:1359,0
DA:1362,0
DA:1355,0
DA:1358,0
DA:1359,0
DA:1362,0
DA:1355,0
DA:1358,0
DA:1359,0
DA:1362,0
DA:1374,0
DA:1377,0
DA:1374,0
DA:1377,0
DA:1374,0
DA:1377,0
DA:1407,0
DA:1411,0
DA:1412,0
DA:1413,0
DA:1436,0
end_of_record
TN:
SF:/home/developer/workspace/tryings/sample/tools/googletest/googletest/include/gtest/gtest-printers.h
FN:213,_ZN7testing8internal52internal_stream_operator_without_lexical_name_lookup13StreamPrinter10PrintValueIivRSoEEvRKT_PSo
FNDA:0,_ZN7testing8internal52internal_stream_operator_without_lexical_name_lookup13StreamPrinter10PrintValueIivRSoEEvRKT_PSo
FN:213,_ZN7testing8internal52internal_stream_operator_without_lexical_name_lookup13StreamPrinter10PrintValueImvRSoEEvRKT_PSo
FNDA:0,_ZN7testing8internal52internal_stream_operator_without_lexical_name_lookup13StreamPrinter10PrintValueImvRSoEEvRKT_PSo
FN:305,_ZN7testing8internal17PrintWithFallbackImEEvRKT_PSo
FNDA:0,_ZN7testing8internal17PrintWithFallbackImEEvRKT_PSo
FN:305,_ZN7testing8internal17PrintWithFallbackIiEEvRKT_PSo
FNDA:0,_ZN7testing8internal17PrintWithFallbackIiEEvRKT_PSo
FN:332,_ZN7testing8internal19FormatForComparisonIimE6FormatB5cxx11ERKi
FNDA:0,_ZN7testing8internal19FormatForComparisonIimE6FormatB5cxx11ERKi
FN:332,_ZN7testing8internal19FormatForComparisonImiE6FormatB5cxx11ERKm
FNDA:0,_ZN7testing8internal19FormatForComparisonImiE6FormatB5cxx11ERKm
FN:412,_ZN7testing8internal33FormatForComparisonFailureMessageIimEENSt7__cxx1112basic_stringIcSt11char_traitsIcESaIcEEERKT_RKT0_
FNDA:0,_ZN7testing8internal33FormatForComparisonFailureMessageIimEENSt7__cxx1112basic_stringIcSt11char_traitsIcESaIcEEERKT_RKT0_
FN:412,_ZN7testing8internal33FormatForComparisonFailureMessageImiEENSt7__cxx1112basic_stringIcSt11char_traitsIcESaIcEEERKT_RKT0_
FNDA:0,_ZN7testing8internal33FormatForComparisonFailureMessageImiEENSt7__cxx1112basic_stringIcSt11char_traitsIcESaIcEEERKT_RKT0_
FN:439,_ZN7testing8internal7PrintToIiEEvRKT_PSo
FNDA:0,_ZN7testing8internal7PrintToIiEEvRKT_PSo
FN:439,_ZN7testing8internal7PrintToImEEvRKT_PSo
FNDA:0,_ZN7testing8internal7PrintToImEEvRKT_PSo
FN:693,_ZN7testing8internal16UniversalPrinterIiE5PrintERKiPSo
FNDA:0,_ZN7testing8internal16UniversalPrinterIiE5PrintERKiPSo
FN:693,_ZN7testing8internal16UniversalPrinterImE5PrintERKmPSo
FNDA:0,_ZN7testing8internal16UniversalPrinterImE5PrintERKmPSo
FN:883,_ZN7testing8internal21UniversalTersePrinterImE5PrintERKmPSo
FNDA:0,_ZN7testing8internal21UniversalTersePrinterImE5PrintERKmPSo
FN:883,_ZN7testing8internal21UniversalTersePrinterIiE5PrintERKiPSo
FNDA:0,_ZN7testing8internal21UniversalTersePrinterIiE5PrintERKiPSo
FN:995,_ZN7testing8internal14UniversalPrintImEEvRKT_PSo
FNDA:0,_ZN7testing8internal14UniversalPrintImEEvRKT_PSo
FN:995,_ZN7testing8internal14UniversalPrintIiEEvRKT_PSo
FNDA:0,_ZN7testing8internal14UniversalPrintIiEEvRKT_PSo
FN:1035,_ZN7testing13PrintToStringImEENSt7__cxx1112basic_stringIcSt11char_traitsIcESaIcEEERKT_
FNDA:0,_ZN7testing13PrintToStringImEENSt7__cxx1112basic_stringIcSt11char_traitsIcESaIcEEERKT_
FN:1035,_ZN7testing13PrintToStringIiEENSt7__cxx1112basic_stringIcSt11char_traitsIcESaIcEEERKT_
FNDA:0,_ZN7testing13PrintToStringIiEENSt7__cxx1112basic_stringIcSt11char_traitsIcESaIcEEERKT_
DA:213,0
DA:216,0
DA:217,0
DA:213,0
DA:216,0
DA:217,0
DA:305,0
DA:311,0
DA:312,0
DA:305,0
DA:311,0
DA:312,0
DA:332,0
DA:333,0
DA:332,0
DA:333,0
DA:412,0
DA:414,0
DA:412,0
DA:414,0
DA:439,0
DA:440,0
DA:441,0
DA:439,0
DA:440,0
DA:441,0
DA:693,0
DA:702,0
DA:703,0
DA:693,0
DA:702,0
DA:703,0
DA:883,0
DA:884,0
DA:885,0
DA:883,0
DA:884,0
DA:885,0
DA:995,0
DA:999,0
DA:1000,0
DA:995,0
DA:999,0
DA:1000,0
DA:1035,0
DA:1036,0
DA:1037,0
DA:1038,0
DA:1035,0
DA:1036,0
DA:1037,0
DA:1038,0
end_of_record
SF:/home/developer/workspace/tryings/sample/tools/googletest/googletest/include/gtest/gtest-assertion-result.h
FN:174,_ZNK7testing15AssertionResultcvbEv
FNDA:0,_ZNK7testing15AssertionResultcvbEv
FN:183,_ZNK7testing15AssertionResult7messageEv
FNDA:0,_ZNK7testing15AssertionResult7messageEv
FN:187,_ZNK7testing15AssertionResult15failure_messageEv
FNDA:0,_ZNK7testing15AssertionResult15failure_messageEv
DA:174,0
DA:183,0
DA:184,0
DA:187,0
end_of_record
SF:/home/developer/workspace/tryings/sample/tools/googletest/googletest/include/gtest/internal/gtest-port.h
FN:967,_ZN7testing8internal8GTestLog9GetStreamEv
FNDA:0,_ZN7testing8internal8GTestLog9GetStreamEv
DA:967,0
end_of_record
SF:/home/developer/workspace/tryings/sample/tests/core/AnalyzerTest.cpp
FN:9,_ZN41AnalyzerTest_TextWithSmileysAndWords_TestC2Ev
FNDA:0,_ZN41AnalyzerTest_TextWithSmileysAndWords_TestC2Ev
FN:9,_ZN41AnalyzerTest_TextWithSmileysAndWords_TestD0Ev
FNDA:0,_ZN41AnalyzerTest_TextWithSmileysAndWords_TestD0Ev
FN:9,_ZN41AnalyzerTest_TextWithSmileysAndWords_TestD2Ev
FNDA:0,_ZN41AnalyzerTest_TextWithSmileysAndWords_TestD2Ev
FN:9,_ZN41AnalyzerTest_TextWithSmileysAndWords_Test8TestBodyEv
FNDA:0,_ZN41AnalyzerTest_TextWithSmileysAndWords_Test8TestBodyEv
FN:20,_ZN27AnalyzerTest_EmptyText_TestC2Ev
FNDA:0,_ZN27AnalyzerTest_EmptyText_TestC2Ev
FN:20,_ZN27AnalyzerTest_EmptyText_TestD0Ev
FNDA:0,_ZN27AnalyzerTest_EmptyText_TestD0Ev
FN:20,_ZN27AnalyzerTest_EmptyText_TestD2Ev
FNDA:0,_ZN27AnalyzerTest_EmptyText_TestD2Ev
FN:20,_ZN27AnalyzerTest_EmptyText_Test8TestBodyEv
FNDA:0,_ZN27AnalyzerTest_EmptyText_Test8TestBodyEv
FN:32,_ZN36AnalyzerTest_TextWithOnlySmiley_TestC2Ev
FNDA:0,_ZN36AnalyzerTest_TextWithOnlySmiley_TestC2Ev
FN:32,_ZN36AnalyzerTest_TextWithOnlySmiley_TestD0Ev
FNDA:0,_ZN36AnalyzerTest_TextWithOnlySmiley_TestD0Ev
FN:32,_ZN36AnalyzerTest_TextWithOnlySmiley_TestD2Ev
FNDA:0,_ZN36AnalyzerTest_TextWithOnlySmiley_TestD2Ev
FN:32,_ZN36AnalyzerTest_TextWithOnlySmiley_Test8TestBodyEv
FNDA:0,_ZN36AnalyzerTest_TextWithOnlySmiley_Test8TestBodyEv
FN:43,_ZN35AnalyzerTest_TextWithOnlyWords_TestC2Ev
FNDA:0,_ZN35AnalyzerTest_TextWithOnlyWords_TestC2Ev
FN:43,_ZN35AnalyzerTest_TextWithOnlyWords_TestD0Ev
FNDA:0,_ZN35AnalyzerTest_TextWithOnlyWords_TestD0Ev
FN:43,_ZN35AnalyzerTest_TextWithOnlyWords_TestD2Ev
FNDA:0,_ZN35AnalyzerTest_TextWithOnlyWords_TestD2Ev
FN:43,_ZN35AnalyzerTest_TextWithOnlyWords_Test8TestBodyEv
FNDA:0,_ZN35AnalyzerTest_TextWithOnlyWords_Test8TestBodyEv
DA:9,0
DA:9,0
DA:9,0
DA:9,0
DA:11,0
DA:14,0
DA:16,0
DA:17,0
DA:18,0
DA:20,0
DA:20,0
DA:20,0
DA:20,0
DA:22,0
DA:25,0
DA:27,0
DA:28,0
DA:29,0
DA:32,0
DA:32,0
DA:32,0
DA:32,0
DA:34,0
DA:37,0
DA:39,0
DA:40,0
DA:41,0
DA:43,0
DA:43,0
DA:43,0
DA:43,0
DA:45,0
DA:48,0
DA:50,0
DA:51,0
DA:52,0
end_of_record
SF:/home/developer/workspace/tryings/sample/tools/googletest/googletest/include/gtest/gtest-message.h
end_of_record
SF:/home/developer/workspace/tryings/sample/tools/googletest/googletest/include/gtest/gtest.h
FN:244,_ZN7testing4Test14SetUpTestSuiteEv
FNDA:0,_ZN7testing4Test14SetUpTestSuiteEv
FN:252,_ZN7testing4Test17TearDownTestSuiteEv
FNDA:0,_ZN7testing4Test17TearDownTestSuiteEv
FN:257,_ZN7testing4Test16TearDownTestCaseEv
FNDA:0,_ZN7testing4Test16TearDownTestCaseEv
FN:258,_ZN7testing4Test13SetUpTestCaseEv
FNDA:0,_ZN7testing4Test13SetUpTestCaseEv
FN:339,_ZN7testing4Test5SetupEv
FNDA:0,_ZN7testing4Test5SetupEv
FN:1338,_ZN7testing8internal18CmpHelperEQFailureIimEENS_15AssertionResultEPKcS4_RKT_RKT0_
FNDA:0,_ZN7testing8internal18CmpHelperEQFailureIimEENS_15AssertionResultEPKcS4_RKT_RKT0_
FN:1355,_ZN7testing8internal11CmpHelperEQIimEENS_15AssertionResultEPKcS4_RKT_RKT0_
FNDA:0,_ZN7testing8internal11CmpHelperEQIimEENS_15AssertionResultEPKcS4_RKT_RKT0_
FN:1374,_ZN7testing8internal8EqHelper7CompareIimLPv0EEENS_15AssertionResultEPKcS6_RKT_RKT0_
FNDA:0,_ZN7testing8internal8EqHelper7CompareIimLPv0EEENS_15AssertionResultEPKcS6_RKT_RKT0_
DA:244,0
DA:252,0
DA:257,0
DA:258,0
DA:339,0
DA:1338,0
DA:1343,0
DA:1355,0
DA:1358,0
DA:1359,0
DA:1362,0
DA:1374,0
DA:1377,0
end_of_record
SF:/home/developer/workspace/tryings/sample/tools/googletest/googletest/include/gtest/internal/gtest-internal.h
FN:451,_ZN7testing8internal15TestFactoryBaseD0Ev
FNDA:0,_ZN7testing8internal15TestFactoryBaseD0Ev
FN:451,_ZN7testing8internal15TestFactoryBaseD2Ev
FNDA:0,_ZN7testing8internal15TestFactoryBaseD2Ev
FN:458,_ZN7testing8internal15TestFactoryBaseC2Ev
FNDA:0,_ZN7testing8internal15TestFactoryBaseC2Ev
FN:470,_ZN7testing8internal15TestFactoryImplI41AnalyzerTest_TextWithSmileysAndWords_TestE10CreateTestEv
FNDA:0,_ZN7testing8internal15TestFactoryImplI41AnalyzerTest_TextWithSmileysAndWords_TestE10CreateTestEv
FN:470,_ZN7testing8internal15TestFactoryImplI27AnalyzerTest_EmptyText_TestE10CreateTestEv
FNDA:0,_ZN7testing8internal15TestFactoryImplI27AnalyzerTest_EmptyText_TestE10CreateTestEv
FN:470,_ZN7testing8internal15TestFactoryImplI36AnalyzerTest_TextWithOnlySmiley_TestE10CreateTestEv
FNDA:0,_ZN7testing8internal15TestFactoryImplI36AnalyzerTest_TextWithOnlySmiley_TestE10CreateTestEv
FN:470,_ZN7testing8internal15TestFactoryImplI35AnalyzerTest_TextWithOnlyWords_TestE10CreateTestEv
FNDA:0,_ZN7testing8internal15TestFactoryImplI35AnalyzerTest_TextWithOnlyWords_TestE10CreateTestEv
FN:491,_ZN7testing8internal12CodeLocationC2ERKNSt7__cxx1112basic_stringIcSt11char_traitsIcESaIcEEEi
FNDA:0,_ZN7testing8internal12CodeLocationC2ERKNSt7__cxx1112basic_stringIcSt11char_traitsIcESaIcEEEi
FN:504,_ZN7testing8internal19GetNotDefaultOrNullEPFvvES2_
FNDA:0,_ZN7testing8internal19GetNotDefaultOrNullEPFvvES2_
FN:519,_ZN7testing8internal16SuiteApiResolverINS_4TestEE19GetSetUpCaseOrSuiteEPKci
FNDA:0,_ZN7testing8internal16SuiteApiResolverINS_4TestEE19GetSetUpCaseOrSuiteEPKci
FN:540,_ZN7testing8internal16SuiteApiResolverINS_4TestEE22GetTearDownCaseOrSuiteEPKci
FNDA:0,_ZN7testing8internal16SuiteApiResolverINS_4TestEE22GetTearDownCaseOrSuiteEPKci
DA:451,0
DA:451,0
DA:458,0
DA:470,0
DA:470,0
DA:470,0
DA:470,0
DA:491,0
DA:492,0
DA:504,0
DA:506,0
DA:519,0
DA:523,0
DA:525,0
DA:527,0
DA:530,0
DA:532,0
DA:540,0
DA:544,0
DA:546,0
DA:548,0
DA:551,0
DA:553,0
end_of_record
TN:
SF:/home/developer/workspace/tryings/sample/tools/googletest/googlemock/include/gmock/gmock-cardinalities.h
FN:113,_ZNK7testing11Cardinality22IsSaturatedByCallCountEi
FNDA:0,_ZNK7testing11Cardinality22IsSaturatedByCallCountEi
DA:113,0
DA:114,0
end_of_record
SF:/home/developer/workspace/tryings/sample/tools/googletest/googletest/include/gtest/gtest-matchers.h
FN:82,_ZN7testing19MatchResultListenerC2EPSo
FNDA:0,_ZN7testing19MatchResultListenerC2EPSo
FN:94,_ZN7testing19MatchResultListener6streamEv
FNDA:0,_ZN7testing19MatchResultListener6streamEv
FN:109,_ZN7testing19MatchResultListenerD2Ev
FNDA:0,_ZN7testing19MatchResultListenerD2Ev
FN:109,_ZN7testing19MatchResultListenerD0Ev
FNDA:0,_ZN7testing19MatchResultListenerD0Ev
FN:115,_ZN7testing25MatcherDescriberInterfaceD2Ev
FNDA:0,_ZN7testing25MatcherDescriberInterfaceD2Ev
FN:115,_ZN7testing25MatcherDescriberInterfaceD0Ev
FNDA:0,_ZN7testing25MatcherDescriberInterfaceD0Ev
FN:130,_ZNK7testing25MatcherDescriberInterface18DescribeNegationToEPSo
FNDA:0,_ZNK7testing25MatcherDescriberInterface18DescribeNegationToEPSo
FN:221,_ZN7testing8internal24DummyMatchResultListenerC2Ev
FNDA:0,_ZN7testing8internal24DummyMatchResultListenerC2Ev
FN:244,_ZN7testing8internal17SharedPayloadBase3RefEv
FNDA:0,_ZN7testing8internal17SharedPayloadBase3RefEv
FN:245,_ZN7testing8internal17SharedPayloadBase5UnrefEv
FNDA:0,_ZN7testing8internal17SharedPayloadBase5UnrefEv
FN:268,_ZNK7testing8internal11MatcherBaseIRKSt10shared_ptrI13OutputMessageEE15MatchAndExplainES6_PNS_19MatchResultListenerE
FNDA:0,_ZNK7testing8internal11MatcherBaseIRKSt10shared_ptrI13OutputMessageEE15MatchAndExplainES6_PNS_19MatchResultListenerE
FN:268,_ZNK7testing8internal11MatcherBaseIRKSt5tupleIJRKSt10shared_ptrI13OutputMessageEEEE15MatchAndExplainESA_PNS_19MatchResultListenerE
FNDA:0,_ZNK7testing8internal11MatcherBaseIRKSt5tupleIJRKSt10shared_ptrI13OutputMessageEEEE15MatchAndExplainESA_PNS_19MatchResultListenerE
FN:268,_ZNK7testing8internal11MatcherBaseIRKSt5tupleIJEEE15MatchAndExplainES5_PNS_19MatchResultListenerE
FNDA:0,_ZNK7testing8internal11MatcherBaseIRKSt5tupleIJEEE15MatchAndExplainES5_PNS_19MatchResultListenerE
FN:274,_ZNK7testing8internal11MatcherBaseIRKSt5tupleIJRKSt10shared_ptrI13OutputMessageEEEE7MatchesESA_
FNDA:0,_ZNK7testing8internal11MatcherBaseIRKSt5tupleIJRKSt10shared_ptrI13OutputMessageEEEE7MatchesESA_
FN:274,_ZNK7testing8internal11MatcherBaseIRKSt5tupleIJEEE7MatchesES5_
FNDA:0,_ZNK7testing8internal11MatcherBaseIRKSt5tupleIJEEE7MatchesES5_
FN:274,_ZNK7testing8internal11MatcherBaseIRKSt10shared_ptrI13OutputMessageEE7MatchesES6_
FNDA:0,_ZNK7testing8internal11MatcherBaseIRKSt10shared_ptrI13OutputMessageEE7MatchesES6_
FN:280,_ZNK7testing8internal11MatcherBaseIRKSt10shared_ptrI13OutputMessageEE10DescribeToEPSo
FNDA:0,_ZNK7testing8internal11MatcherBaseIRKSt10shared_ptrI13OutputMessageEE10DescribeToEPSo
FN:280,_ZNK7testing8internal11MatcherBaseIRKSt5tupleIJRKSt10shared_ptrI13OutputMessageEEEE10DescribeToEPSo
FNDA:0,_ZNK7testing8internal11MatcherBaseIRKSt5tupleIJRKSt10shared_ptrI13OutputMessageEEEE10DescribeToEPSo
FN:280,_ZNK7testing8internal11MatcherBaseIRKSt5tupleIJEEE10DescribeToEPSo
FNDA:0,_ZNK7testing8internal11MatcherBaseIRKSt5tupleIJEEE10DescribeToEPSo
FN:286,_ZNK7testing8internal11MatcherBaseIRKSt5tupleIJEEE18DescribeNegationToEPSo
FNDA:0,_ZNK7testing8internal11MatcherBaseIRKSt5tupleIJEEE18DescribeNegationToEPSo
FN:286,_ZNK7testing8internal11MatcherBaseIRKSt10shared_ptrI13OutputMessageEE18DescribeNegationToEPSo
FNDA:0,_ZNK7testing8internal11MatcherBaseIRKSt10shared_ptrI13OutputMessageEE18DescribeNegationToEPSo
FN:286,_ZNK7testing8internal11MatcherBaseIRKSt5tupleIJRKSt10shared_ptrI13OutputMessageEEEE18DescribeNegationToEPSo
FNDA:0,_ZNK7testing8internal11MatcherBaseIRKSt5tupleIJRKSt10shared_ptrI13OutputMessageEEEE18DescribeNegationToEPSo
FN:317,_ZN7testing8internal11MatcherBaseIRKSt10shared_ptrI13OutputMessageEEC2IRKNS0_15AnythingMatcherEvEEOT_
FNDA:0,_ZN7testing8internal11MatcherBaseIRKSt10shared_ptrI13OutputMessageEEC2IRKNS0_15AnythingMatcherEvEEOT_
FN:317,_ZN7testing8internal11MatcherBaseIRKSt5tupleIJEEEC2IRKNS0_15AnythingMatcherEvEEOT_
FNDA:0,_ZN7testing8internal11MatcherBaseIRKSt5tupleIJEEEC2IRKNS0_15AnythingMatcherEvEEOT_
FN:317,_ZN7testing8internal11MatcherBaseIRKSt5tupleIJRKSt10shared_ptrI13OutputMessageEEEEC2IRKNS0_15AnythingMatcherEvEEOT_
FNDA:0,_ZN7testing8internal11MatcherBaseIRKSt5tupleIJRKSt10shared_ptrI13OutputMessageEEEEC2IRKNS0_15AnythingMatcherEvEEOT_
FN:321,_ZN7testing8internal11MatcherBaseIRKSt10shared_ptrI13OutputMessageEEC2ERKS7_
FNDA:0,_ZN7testing8internal11MatcherBaseIRKSt10shared_ptrI13OutputMessageEEC2ERKS7_
FN:335,_ZN7testing8internal11MatcherBaseIRKSt10shared_ptrI13OutputMessageEEC2EOS7_
FNDA:0,_ZN7testing8internal11MatcherBaseIRKSt10shared_ptrI13OutputMessageEEC2EOS7_
FN:349,_ZN7testing8internal11MatcherBaseIRKSt5tupleIJEEED2Ev
FNDA:0,_ZN7testing8internal11MatcherBaseIRKSt5tupleIJEEED2Ev
FN:349,_ZN7testing8internal11MatcherBaseIRKSt5tupleIJEEED0Ev
FNDA:0,_ZN7testing8internal11MatcherBaseIRKSt5tupleIJEEED0Ev
FN:349,_ZN7testing8internal11MatcherBaseIRKSt10shared_ptrI13OutputMessageEED0Ev
FNDA:0,_ZN7testing8internal11MatcherBaseIRKSt10shared_ptrI13OutputMessageEED0Ev
FN:349,_ZN7testing8internal11MatcherBaseIRKSt10shared_ptrI13OutputMessageEED2Ev
FNDA:0,_ZN7testing8internal11MatcherBaseIRKSt10shared_ptrI13OutputMessageEED2Ev
FN:349,_ZN7testing8internal11MatcherBaseIRKSt5tupleIJRKSt10shared_ptrI13OutputMessageEEEED0Ev
FNDA:0,_ZN7testing8internal11MatcherBaseIRKSt5tupleIJRKSt10shared_ptrI13OutputMessageEEEED0Ev
FN:349,_ZN7testing8internal11MatcherBaseIRKSt5tupleIJRKSt10shared_ptrI13OutputMessageEEEED2Ev
FNDA:0,_ZN7testing8internal11MatcherBaseIRKSt5tupleIJRKSt10shared_ptrI13OutputMessageEEEED2Ev
FN:363,_ZNK7testing8internal11MatcherBaseIRKSt5tupleIJRKSt10shared_ptrI13OutputMessageEEEE8IsSharedEv
FNDA:0,_ZNK7testing8internal11MatcherBaseIRKSt5tupleIJRKSt10shared_ptrI13OutputMessageEEEE8IsSharedEv
FN:363,_ZNK7testing8internal11MatcherBaseIRKSt5tupleIJEEE8IsSharedEv
FNDA:0,_ZNK7testing8internal11MatcherBaseIRKSt5tupleIJEEE8IsSharedEv
FN:363,_ZNK7testing8internal11MatcherBaseIRKSt10shared_ptrI13OutputMessageEE8IsSharedEv
FNDA:0,_ZNK7testing8internal11MatcherBaseIRKSt10shared_ptrI13OutputMessageEE8IsSharedEv
FN:369,_ZN7testing8internal11MatcherBaseIRKSt5tupleIJRKSt10shared_ptrI13OutputMessageEEEE19MatchAndExplainImplINSB_11ValuePolicyINS0_15AnythingMatcherELb1EEEEEDTcldtclsrT_3Getfp_E15MatchAndExplainfp0_clptfp1_L_ZNS_19MatchResultListener6streamEvEEEERKSB_SA_PSH_
FNDA:0,_ZN7testing8internal11MatcherBaseIRKSt5tupleIJRKSt10shared_ptrI13OutputMessageEEEE19MatchAndExplainImplINSB_11ValuePolicyINS0_15AnythingMatcherELb1EEEEEDTcldtclsrT_3Getfp_E15MatchAndExplainfp0_clptfp1_L_ZNS_19MatchResultListener6streamEvEEEERKSB_SA_PSH_
FN:369,_ZN7testing8internal11MatcherBaseIRKSt5tupleIJEEE19MatchAndExplainImplINS6_11ValuePolicyINS0_15AnythingMatcherELb1EEEEEDTcldtclsrT_3Getfp_E15MatchAndExplainfp0_clptfp1_L_ZNS_19MatchResultListener6streamEvEEEERKS6_S5_PSC_
FNDA:0,_ZN7testing8internal11MatcherBaseIRKSt5tupleIJEEE19MatchAndExplainImplINS6_11ValuePolicyINS0_15AnythingMatcherELb1EEEEEDTcldtclsrT_3Getfp_E15MatchAndExplainfp0_clptfp1_L_ZNS_19MatchResultListener6streamEvEEEERKS6_S5_PSC_
FN:369,_ZN7testing8internal11MatcherBaseIRKSt10shared_ptrI13OutputMessageEE19MatchAndExplainImplINS7_11ValuePolicyINS0_15AnythingMatcherELb1EEEEEDTcldtclsrT_3Getfp_E15MatchAndExplainfp0_clptfp1_L_ZNS_19MatchResultListener6streamEvEEEERKS7_S6_PSD_
FNDA:0,_ZN7testing8internal11MatcherBaseIRKSt10shared_ptrI13OutputMessageEE19MatchAndExplainImplINS7_11ValuePolicyINS0_15AnythingMatcherELb1EEEEEDTcldtclsrT_3Getfp_E15MatchAndExplainfp0_clptfp1_L_ZNS_19MatchResultListener6streamEvEEEERKS7_S6_PSD_
FN:383,_ZN7testing8internal11MatcherBaseIRKSt5tupleIJRKSt10shared_ptrI13OutputMessageEEEE12DescribeImplINSB_11ValuePolicyINS0_15AnythingMatcherELb1EEEEEvRKSB_PSob
FNDA:0,_ZN7testing8internal11MatcherBaseIRKSt5tupleIJRKSt10shared_ptrI13OutputMessageEEEE12DescribeImplINSB_11ValuePolicyINS0_15AnythingMatcherELb1EEEEEvRKSB_PSob
FN:383,_ZN7testing8internal11MatcherBaseIRKSt10shared_ptrI13OutputMessageEE12DescribeImplINS7_11ValuePolicyINS0_15AnythingMatcherELb1EEEEEvRKS7_PSob
FNDA:0,_ZN7testing8internal11MatcherBaseIRKSt10shared_ptrI13OutputMessageEE12DescribeImplINS7_11ValuePolicyINS0_15AnythingMatcherELb1EEEEEvRKS7_PSob
FN:383,_ZN7testing8internal11MatcherBaseIRKSt5tupleIJEEE12DescribeImplINS6_11ValuePolicyINS0_15AnythingMatcherELb1EEEEEvRKS6_PSob
FNDA:0,_ZN7testing8internal11MatcherBaseIRKSt5tupleIJEEE12DescribeImplINS6_11ValuePolicyINS0_15AnythingMatcherELb1EEEEEvRKS6_PSob
FN:393,_ZN7testing8internal11MatcherBaseIRKSt10shared_ptrI13OutputMessageEE16GetDescriberImplINS7_11ValuePolicyINS0_15AnythingMatcherELb1EEEEEPKNS_25MatcherDescriberInterfaceERKS7_
FNDA:0,_ZN7testing8internal11MatcherBaseIRKSt10shared_ptrI13OutputMessageEE16GetDescriberImplINS7_11ValuePolicyINS0_15AnythingMatcherELb1EEEEEPKNS_25MatcherDescriberInterfaceERKS7_
FN:393,_ZN7testing8internal11MatcherBaseIRKSt5tupleIJEEE16GetDescriberImplINS6_11ValuePolicyINS0_15AnythingMatcherELb1EEEEEPKNS_25MatcherDescriberInterfaceERKS6_
FNDA:0,_ZN7testing8internal11MatcherBaseIRKSt5tupleIJEEE16GetDescriberImplINS6_11ValuePolicyINS0_15AnythingMatcherELb1EEEEEPKNS_25MatcherDescriberInterfaceERKS6_
FN:393,_ZN7testing8internal11MatcherBaseIRKSt5tupleIJRKSt10shared_ptrI13OutputMessageEEEE16GetDescriberImplINSB_11ValuePolicyINS0_15AnythingMatcherELb1EEEEEPKNS_25MatcherDescriberInterfaceERKSB_
FNDA:0,_ZN7testing8internal11MatcherBaseIRKSt5tupleIJRKSt10shared_ptrI13OutputMessageEEEE16GetDescriberImplINSB_11ValuePolicyINS0_15AnythingMatcherELb1EEEEEPKNS_25MatcherDescriberInterfaceERKSB_
FN:409,_ZN7testing8internal11MatcherBaseIRKSt10shared_ptrI13OutputMessageEE9GetVTableINS7_11ValuePolicyINS0_15AnythingMatcherELb1EEEEEPKNS7_6VTableEv
FNDA:0,_ZN7testing8internal11MatcherBaseIRKSt10shared_ptrI13OutputMessageEE9GetVTableINS7_11ValuePolicyINS0_15AnythingMatcherELb1EEEEEPKNS7_6VTableEv
FN:409,_ZN7testing8internal11MatcherBaseIRKSt5tupleIJEEE9GetVTableINS6_11ValuePolicyINS0_15AnythingMatcherELb1EEEEEPKNS6_6VTableEv
FNDA:0,_ZN7testing8internal11MatcherBaseIRKSt5tupleIJEEE9GetVTableINS6_11ValuePolicyINS0_15AnythingMatcherELb1EEEEEPKNS6_6VTableEv
FN:409,_ZN7testing8internal11MatcherBaseIRKSt5tupleIJRKSt10shared_ptrI13OutputMessageEEEE9GetVTableINSB_11ValuePolicyINS0_15AnythingMatcherELb1EEEEEPKNSB_6VTableEv
FNDA:0,_ZN7testing8internal11MatcherBaseIRKSt5tupleIJRKSt10shared_ptrI13OutputMessageEEEE9GetVTableINSB_11ValuePolicyINS0_15AnythingMatcherELb1EEEEEPKNSB_6VTableEv
FN:425,_ZN7testing8internal11MatcherBaseIRKSt10shared_ptrI13OutputMessageEE7DestroyEv
FNDA:0,_ZN7testing8internal11MatcherBaseIRKSt10shared_ptrI13OutputMessageEE7DestroyEv
FN:425,_ZN7testing8internal11MatcherBaseIRKSt5tupleIJRKSt10shared_ptrI13OutputMessageEEEE7DestroyEv
FNDA:0,_ZN7testing8internal11MatcherBaseIRKSt5tupleIJRKSt10shared_ptrI13OutputMessageEEEE7DestroyEv
FN:425,_ZN7testing8internal11MatcherBaseIRKSt5tupleIJEEE7DestroyEv
FNDA:0,_ZN7testing8internal11MatcherBaseIRKSt5tupleIJEEE7DestroyEv
FN:440,_ZN7testing8internal11MatcherBaseIRKSt10shared_ptrI13OutputMessageEE11ValuePolicyINS0_15AnythingMatcherELb1EE3GetERKS7_
FNDA:0,_ZN7testing8internal11MatcherBaseIRKSt10shared_ptrI13OutputMessageEE11ValuePolicyINS0_15AnythingMatcherELb1EE3GetERKS7_
FN:440,_ZN7testing8internal11MatcherBaseIRKSt5tupleIJEEE11ValuePolicyINS0_15AnythingMatcherELb1EE3GetERKS6_
FNDA:0,_ZN7testing8internal11MatcherBaseIRKSt5tupleIJEEE11ValuePolicyINS0_15AnythingMatcherELb1EE3GetERKS6_
FN:440,_ZN7testing8internal11MatcherBaseIRKSt5tupleIJRKSt10shared_ptrI13OutputMessageEEEE11ValuePolicyINS0_15AnythingMatcherELb1EE3GetERKSB_
FNDA:0,_ZN7testing8internal11MatcherBaseIRKSt5tupleIJRKSt10shared_ptrI13OutputMessageEEEE11ValuePolicyINS0_15AnythingMatcherELb1EE3GetERKSB_
FN:447,_ZN7testing8internal11MatcherBaseIRKSt10shared_ptrI13OutputMessageEE11ValuePolicyINS0_15AnythingMatcherELb1EE4InitERS7_S9_
FNDA:0,_ZN7testing8internal11MatcherBaseIRKSt10shared_ptrI13OutputMessageEE11ValuePolicyINS0_15AnythingMatcherELb1EE4InitERS7_S9_
FN:447,_ZN7testing8internal11MatcherBaseIRKSt5tupleIJRKSt10shared_ptrI13OutputMessageEEEE11ValuePolicyINS0_15AnythingMatcherELb1EE4InitERSB_SD_
FNDA:0,_ZN7testing8internal11MatcherBaseIRKSt5tupleIJRKSt10shared_ptrI13OutputMessageEEEE11ValuePolicyINS0_15AnythingMatcherELb1EE4InitERSB_SD_
FN:447,_ZN7testing8internal11MatcherBaseIRKSt5tupleIJEEE11ValuePolicyINS0_15AnythingMatcherELb1EE4InitERS6_S8_
FNDA:0,_ZN7testing8internal11MatcherBaseIRKSt5tupleIJEEE11ValuePolicyINS0_15AnythingMatcherELb1EE4InitERS6_S8_
FN:481,_ZN7testing8internal11MatcherBaseIRKSt5tupleIJEEE4InitIRKNS0_15AnythingMatcherEEEvOT_
FNDA:0,_ZN7testing8internal11MatcherBaseIRKSt5tupleIJEEE4InitIRKNS0_15AnythingMatcherEEEvOT_
FN:481,_ZN7testing8internal11MatcherBaseIRKSt10shared_ptrI13OutputMessageEE4InitIRKNS0_15AnythingMatcherEEEvOT_
FNDA:0,_ZN7testing8internal11MatcherBaseIRKSt10shared_ptrI13OutputMessageEE4InitIRKNS0_15AnythingMatcherEEEvOT_
FN:481,_ZN7testing8internal11MatcherBaseIRKSt5tupleIJRKSt10shared_ptrI13OutputMessageEEEE4InitIRKNS0_15AnythingMatcherEEEvOT_
FNDA:0,_ZN7testing8internal11MatcherBaseIRKSt5tupleIJRKSt10shared_ptrI13OutputMessageEEEE4InitIRKNS0_15AnythingMatcherEEEvOT_
FN:519,_ZN7testing7MatcherIRKSt5tupleIJEEEC2IRKNS_8internal15AnythingMatcherEvEEOT_
FNDA:0,_ZN7testing7MatcherIRKSt5tupleIJEEEC2IRKNS_8internal15AnythingMatcherEvEEOT_
FN:519,_ZN7testing7MatcherIRKSt5tupleIJRKSt10shared_ptrI13OutputMessageEEEEC2IRKNS_8internal15AnythingMatcherEvEEOT_
FNDA:0,_ZN7testing7MatcherIRKSt5tupleIJRKSt10shared_ptrI13OutputMessageEEEEC2IRKNS_8internal15AnythingMatcherEvEEOT_
FN:519,_ZN7testing7MatcherIRKSt10shared_ptrI13OutputMessageEEC2IRKNS_8internal15AnythingMatcherEvEEOT_
FNDA:0,_ZN7testing7MatcherIRKSt10shared_ptrI13OutputMessageEEC2IRKNS_8internal15AnythingMatcherEvEEOT_
DA:82,0
DA:94,0
DA:109,0
DA:109,0
DA:115,0
DA:115,0
DA:130,0
DA:131,0
DA:132,0
DA:133,0
DA:134,0
DA:221,0
DA:244,0
DA:245,0
DA:268,0
DA:269,0
DA:270,0
DA:268,0
DA:269,0
DA:270,0
DA:268,0
DA:269,0
DA:270,0
DA:274,0
DA:275,0
DA:276,0
DA:274,0
DA:275,0
DA:276,0
DA:274,0
DA:275,0
DA:276,0
DA:280,0
DA:281,0
DA:282,0
DA:283,0
DA:280,0
DA:281,0
DA:282,0
DA:283,0
DA:280,0
DA:281,0
DA:282,0
DA:283,0
DA:286,0
DA:287,0
DA:288,0
DA:289,0
DA:286,0
DA:287,0
DA:288,0
DA:289,0
DA:286,0
DA:287,0
DA:288,0
DA:289,0
DA:317,0
DA:318,0
DA:319,0
DA:317,0
DA:318,0
DA:319,0
DA:317,0
DA:318,0
DA:319,0
DA:321,0
DA:322,0
DA:323,0
DA:324,0
DA:335,0
DA:336,0
DA:337,0
DA:338,0
DA:349,0
DA:349,0
DA:349,0
DA:349,0
DA:349,0
DA:349,0
DA:363,0
DA:364,0
DA:363,0
DA:364,0
DA:363,0
DA:364,0
DA:369,0
DA:372,0
DA:369,0
DA:372,0
DA:369,0
DA:372,0
DA:383,0
DA:385,0
DA:386,0
DA:388,0
DA:390,0
DA:383,0
DA:385,0
DA:386,0
DA:388,0
DA:390,0
DA:383,0
DA:385,0
DA:386,0
DA:388,0
DA:390,0
DA:393,0
DA:405,0
DA:393,0
DA:405,0
DA:393,0
DA:405,0
DA:409,0
DA:413,0
DA:409,0
DA:413,0
DA:409,0
DA:413,0
DA:425,0
DA:426,0
DA:427,0
DA:429,0
DA:425,0
DA:426,0
DA:427,0
DA:429,0
DA:425,0
DA:426,0
DA:427,0
DA:429,0
DA:440,0
DA:443,0
DA:445,0
DA:440,0
DA:443,0
DA:445,0
DA:440,0
DA:443,0
DA:445,0
DA:447,0
DA:448,0
DA:449,0
DA:447,0
DA:448,0
DA:449,0
DA:447,0
DA:448,0
DA:449,0
DA:481,0
DA:484,0
DA:485,0
DA:486,0
DA:481,0
DA:484,0
DA:485,0
DA:486,0
DA:481,0
DA:484,0
DA:485,0
DA:486,0
DA:519,0
DA:519,0
DA:519,0
end_of_record
SF:/home/developer/workspace/tryings/sample/tools/googletest/googletest/include/gtest/gtest-printers.h
FN:268,_ZN7testing8internal15RawBytesPrinter10PrintValueI13OutputMessageLm80EEEvRKT_PSo
FNDA:0,_ZN7testing8internal15RawBytesPrinter10PrintValueI13OutputMessageLm80EEEvRKT_PSo
FN:268,_ZN7testing8internal15RawBytesPrinter10PrintValueIN7IFormat10FormatTypeELm1EEEvRKT_PSo
FNDA:0,_ZN7testing8internal15RawBytesPrinter10PrintValueIN7IFormat10FormatTypeELm1EEEvRKT_PSo
FN:305,_ZN7testing8internal17PrintWithFallbackI13OutputMessageEEvRKT_PSo
FNDA:0,_ZN7testing8internal17PrintWithFallbackI13OutputMessageEEvRKT_PSo
FN:305,_ZN7testing8internal17PrintWithFallbackIN7IFormat10FormatTypeEEEvRKT_PSo
FNDA:0,_ZN7testing8internal17PrintWithFallbackIN7IFormat10FormatTypeEEEvRKT_PSo
FN:439,_ZN7testing8internal7PrintToIN7IFormat10FormatTypeEEEvRKT_PSo
FNDA:0,_ZN7testing8internal7PrintToIN7IFormat10FormatTypeEEEvRKT_PSo
FN:439,_ZN7testing8internal7PrintToI13OutputMessageEEvRKT_PSo
FNDA:0,_ZN7testing8internal7PrintToI13OutputMessageEEvRKT_PSo
FN:606,_ZN7testing8internal14VoidifyPointerEPKv
FNDA:0,_ZN7testing8internal14VoidifyPointerEPKv
FN:623,_ZN7testing8internal17PrintSmartPointerI13OutputMessageSt10shared_ptrIS2_EvEEvRKT0_PSoi
FNDA:0,_ZN7testing8internal17PrintSmartPointerI13OutputMessageSt10shared_ptrIS2_EvEEvRKT0_PSoi
FN:639,_ZN7testing8internal7PrintToI13OutputMessageEEvRKSt10shared_ptrIT_EPSo
FNDA:0,_ZN7testing8internal7PrintToI13OutputMessageEEvRKSt10shared_ptrIT_EPSo
FN:646,_ZN7testing8internal12PrintTupleToISt5tupleIJRKSt10shared_ptrI13OutputMessageEEEEEvRKT_St17integral_constantImLm0EEPSo
FNDA:0,_ZN7testing8internal12PrintTupleToISt5tupleIJRKSt10shared_ptrI13OutputMessageEEEEEvRKT_St17integral_constantImLm0EEPSo
FN:646,_ZN7testing8internal12PrintTupleToISt5tupleIJEEEEvRKT_St17integral_constantImLm0EEPSo
FNDA:0,_ZN7testing8internal12PrintTupleToISt5tupleIJEEEEvRKT_St17integral_constantImLm0EEPSo
FN:650,_ZN7testing8internal12PrintTupleToISt5tupleIJRKSt10shared_ptrI13OutputMessageEEELm1EEEvRKT_St17integral_constantImXT0_EEPSo
FNDA:0,_ZN7testing8internal12PrintTupleToISt5tupleIJRKSt10shared_ptrI13OutputMessageEEELm1EEEvRKT_St17integral_constantImXT0_EEPSo
FN:663,_ZN7testing8internal7PrintToIJEEEvRKSt5tupleIJDpT_EEPSo
FNDA:0,_ZN7testing8internal7PrintToIJEEEvRKSt5tupleIJDpT_EEPSo
FN:663,_ZN7testing8internal7PrintToIJRKSt10shared_ptrI13OutputMessageEEEEvRKSt5tupleIJDpT_EEPSo
FNDA:0,_ZN7testing8internal7PrintToIJRKSt10shared_ptrI13OutputMessageEEEEvRKSt5tupleIJDpT_EEPSo
FN:693,_ZN7testing8internal16UniversalPrinterI13OutputMessageE5PrintERKS2_PSo
FNDA:0,_ZN7testing8internal16UniversalPrinterI13OutputMessageE5PrintERKS2_PSo
FN:693,_ZN7testing8internal16UniversalPrinterIN7IFormat10FormatTypeEE5PrintERKS3_PSo
FNDA:0,_ZN7testing8internal16UniversalPrinterIN7IFormat10FormatTypeEE5PrintERKS3_PSo
FN:693,_ZN7testing8internal16UniversalPrinterISt5tupleIJEEE5PrintERKS3_PSo
FNDA:0,_ZN7testing8internal16UniversalPrinterISt5tupleIJEEE5PrintERKS3_PSo
FN:693,_ZN7testing8internal16UniversalPrinterISt5tupleIJRKSt10shared_ptrI13OutputMessageEEEE5PrintERKS8_PSo
FNDA:0,_ZN7testing8internal16UniversalPrinterISt5tupleIJRKSt10shared_ptrI13OutputMessageEEEE5PrintERKS8_PSo
FN:693,_ZN7testing8internal16UniversalPrinterISt10shared_ptrI13OutputMessageEE5PrintERKS4_PSo
FNDA:0,_ZN7testing8internal16UniversalPrinterISt10shared_ptrI13OutputMessageEE5PrintERKS4_PSo
FN:864,_ZN7testing8internal16UniversalPrinterIRKSt10shared_ptrI13OutputMessageEE5PrintES6_PSo
FNDA:0,_ZN7testing8internal16UniversalPrinterIRKSt10shared_ptrI13OutputMessageEE5PrintES6_PSo
FN:995,_ZN7testing8internal14UniversalPrintISt10shared_ptrI13OutputMessageEEEvRKT_PSo
FNDA:0,_ZN7testing8internal14UniversalPrintISt10shared_ptrI13OutputMessageEEEvRKT_PSo
FN:995,_ZN7testing8internal14UniversalPrintISt5tupleIJEEEEvRKT_PSo
FNDA:0,_ZN7testing8internal14UniversalPrintISt5tupleIJEEEEvRKT_PSo
FN:995,_ZN7testing8internal14UniversalPrintISt5tupleIJRKSt10shared_ptrI13OutputMessageEEEEEvRKT_PSo
FNDA:0,_ZN7testing8internal14UniversalPrintISt5tupleIJRKSt10shared_ptrI13OutputMessageEEEEEvRKT_PSo
DA:268,0
DA:269,0
DA:272,0
DA:274,0
DA:268,0
DA:269,0
DA:272,0
DA:274,0
DA:305,0
DA:311,0
DA:312,0
DA:305,0
DA:311,0
DA:312,0
DA:439,0
DA:440,0
DA:441,0
DA:439,0
DA:440,0
DA:441,0
DA:606,0
DA:623,0
DA:624,0
DA:625,0
DA:627,0
DA:628,0
DA:629,0
DA:631,0
DA:639,0
DA:640,0
DA:641,0
DA:646,0
DA:647,0
DA:646,0
DA:647,0
DA:650,0
DA:652,0
DA:658,0
DA:660,0
DA:663,0
DA:664,0
DA:665,0
DA:666,0
DA:667,0
DA:663,0
DA:664,0
DA:665,0
DA:666,0
DA:667,0
DA:693,0
DA:702,0
DA:703,0
DA:693,0
DA:702,0
DA:703,0
DA:693,0
DA:702,0
DA:703,0
DA:693,0
DA:702,0
DA:703,0
DA:693,0
DA:702,0
DA:703,0
DA:864,0
DA:867,0
DA:870,0
DA:871,0
DA:995,0
DA:999,0
DA:1000,0
DA:995,0
DA:999,0
DA:1000,0
DA:995,0
DA:999,0
DA:1000,0
end_of_record
SF:/home/developer/workspace/tryings/sample/tools/googletest/googlemock/include/gmock/gmock-matchers.h
FN:305,_ZN7testing25StringMatchResultListenerC2Ev
FNDA:0,_ZN7testing25StringMatchResultListenerC2Ev
FN:308,_ZNK7testing25StringMatchResultListener3strB5cxx11Ev
FNDA:0,_ZNK7testing25StringMatchResultListener3strB5cxx11Ev
FN:562,_ZN7testing8internal15PrintIfNotEmptyERKNSt7__cxx1112basic_stringIcSt11char_traitsIcESaIcEEEPSo
FNDA:0,_ZN7testing8internal15PrintIfNotEmptyERKNSt7__cxx1112basic_stringIcSt11char_traitsIcESaIcEEEPSo
FN:616,_ZN7testing8internal11TuplePrefixILm1EE7MatchesISt5tupleIJNS_7MatcherIRKSt10shared_ptrI13OutputMessageEEEEES4_IJSA_EEEEbRKT_RKT0_
FNDA:0,_ZN7testing8internal11TuplePrefixILm1EE7MatchesISt5tupleIJNS_7MatcherIRKSt10shared_ptrI13OutputMessageEEEEES4_IJSA_EEEEbRKT_RKT0_
FN:627,_ZN7testing8internal11TuplePrefixILm1EE22ExplainMatchFailuresToISt5tupleIJNS_7MatcherIRKSt10shared_ptrI13OutputMessageEEEEES4_IJSA_EEEEvRKT_RKT0_PSo
FNDA:0,_ZN7testing8internal11TuplePrefixILm1EE22ExplainMatchFailuresToISt5tupleIJNS_7MatcherIRKSt10shared_ptrI13OutputMessageEEEEES4_IJSA_EEEEvRKT_RKT0_PSo
FN:661,_ZN7testing8internal11TuplePrefixILm0EE7MatchesISt5tupleIJNS_7MatcherIRKSt10shared_ptrI13OutputMessageEEEEES4_IJSA_EEEEbRKT_RKT0_
FNDA:0,_ZN7testing8internal11TuplePrefixILm0EE7MatchesISt5tupleIJNS_7MatcherIRKSt10shared_ptrI13OutputMessageEEEEES4_IJSA_EEEEbRKT_RKT0_
FN:661,_ZN7testing8internal11TuplePrefixILm0EE7MatchesISt5tupleIJEES5_EEbRKT_RKT0_
FNDA:0,_ZN7testing8internal11TuplePrefixILm0EE7MatchesISt5tupleIJEES5_EEbRKT_RKT0_
FN:667,_ZN7testing8internal11TuplePrefixILm0EE22ExplainMatchFailuresToISt5tupleIJNS_7MatcherIRKSt10shared_ptrI13OutputMessageEEEEES4_IJSA_EEEEvRKT_RKT0_PSo
FNDA:0,_ZN7testing8internal11TuplePrefixILm0EE22ExplainMatchFailuresToISt5tupleIJNS_7MatcherIRKSt10shared_ptrI13OutputMessageEEEEES4_IJSA_EEEEvRKT_RKT0_PSo
FN:667,_ZN7testing8internal11TuplePrefixILm0EE22ExplainMatchFailuresToISt5tupleIJEES5_EEvRKT_RKT0_PSo
FNDA:0,_ZN7testing8internal11TuplePrefixILm0EE22ExplainMatchFailuresToISt5tupleIJEES5_EEvRKT_RKT0_PSo
FN:678,_ZN7testing8internal12TupleMatchesISt5tupleIJEES3_EEbRKT_RKT0_
FNDA:0,_ZN7testing8internal12TupleMatchesISt5tupleIJEES3_EEbRKT_RKT0_
FN:678,_ZN7testing8internal12TupleMatchesISt5tupleIJNS_7MatcherIRKSt10shared_ptrI13OutputMessageEEEEES2_IJS8_EEEEbRKT_RKT0_
FNDA:0,_ZN7testing8internal12TupleMatchesISt5tupleIJNS_7MatcherIRKSt10shared_ptrI13OutputMessageEEEEES2_IJS8_EEEEbRKT_RKT0_
FN:692,_ZN7testing8internal26ExplainMatchFailureTupleToISt5tupleIJEES3_EEvRKT_RKT0_PSo
FNDA:0,_ZN7testing8internal26ExplainMatchFailureTupleToISt5tupleIJEES3_EEvRKT_RKT0_PSo
FN:692,_ZN7testing8internal26ExplainMatchFailureTupleToISt5tupleIJNS_7MatcherIRKSt10shared_ptrI13OutputMessageEEEEES2_IJS8_EEEEvRKT_RKT0_PSo
FNDA:0,_ZN7testing8internal26ExplainMatchFailureTupleToISt5tupleIJNS_7MatcherIRKSt10shared_ptrI13OutputMessageEEEEES2_IJS8_EEEEvRKT_RKT0_PSo
FN:747,_ZNK7testing8internal15AnythingMatcher15MatchAndExplainISt10shared_ptrI13OutputMessageEEEbRKT_PSo
FNDA:0,_ZNK7testing8internal15AnythingMatcher15MatchAndExplainISt10shared_ptrI13OutputMessageEEEbRKT_PSo
FN:747,_ZNK7testing8internal15AnythingMatcher15MatchAndExplainISt5tupleIJRKSt10shared_ptrI13OutputMessageEEEEEbRKT_PSo
FNDA:0,_ZNK7testing8internal15AnythingMatcher15MatchAndExplainISt5tupleIJRKSt10shared_ptrI13OutputMessageEEEEEbRKT_PSo
FN:747,_ZNK7testing8internal15AnythingMatcher15MatchAndExplainISt5tupleIJEEEEbRKT_PSo
FNDA:0,_ZNK7testing8internal15AnythingMatcher15MatchAndExplainISt5tupleIJEEEEbRKT_PSo
FN:750,_ZNK7testing8internal15AnythingMatcher10DescribeToEPSo
FNDA:0,_ZNK7testing8internal15AnythingMatcher10DescribeToEPSo
FN:751,_ZNK7testing8internal15AnythingMatcher18DescribeNegationToEPSo
FNDA:0,_ZNK7testing8internal15AnythingMatcher18DescribeNegationToEPSo
FN:4249,_ZN7testing1AIRKSt5tupleIJEEEENS_7MatcherIT_EEv
FNDA:0,_ZN7testing1AIRKSt5tupleIJEEEENS_7MatcherIT_EEv
FN:4249,_ZN7testing1AIRKSt5tupleIJRKSt10shared_ptrI13OutputMessageEEEEENS_7MatcherIT_EEv
FNDA:0,_ZN7testing1AIRKSt5tupleIJRKSt10shared_ptrI13OutputMessageEEEEENS_7MatcherIT_EEv
DA:305,0
DA:308,0
DA:562,0
DA:564,0
DA:565,0
DA:567,0
DA:616,0
DA:618,0
DA:619,0
DA:627,0
DA:631,0
DA:635,0
DA:636,0
DA:638,0
DA:639,0
DA:640,0
DA:641,0
DA:642,0
DA:643,0
DA:649,0
DA:650,0
DA:651,0
DA:653,0
DA:661,0
DA:663,0
DA:661,0
DA:663,0
DA:667,0
DA:669,0
DA:667,0
DA:669,0
DA:678,0
DA:685,0
DA:686,0
DA:678,0
DA:685,0
DA:686,0
DA:692,0
DA:694,0
DA:696,0
DA:692,0
DA:694,0
DA:696,0
DA:747,0
DA:748,0
DA:747,0
DA:748,0
DA:747,0
DA:748,0
DA:750,0
DA:751,0
DA:755,0
DA:756,0
DA:4249,0
DA:4250,0
DA:4249,0
DA:4250,0
end_of_record
SF:/home/developer/workspace/tryings/sample/tools/googletest/googletest/include/gtest/gtest.h
FN:244,_ZN7testing4Test14SetUpTestSuiteEv
FNDA:0,_ZN7testing4Test14SetUpTestSuiteEv
FN:252,_ZN7testing4Test17TearDownTestSuiteEv
FNDA:0,_ZN7testing4Test17TearDownTestSuiteEv
FN:257,_ZN7testing4Test16TearDownTestCaseEv
FNDA:0,_ZN7testing4Test16TearDownTestCaseEv
FN:258,_ZN7testing4Test13SetUpTestCaseEv
FNDA:0,_ZN7testing4Test13SetUpTestCaseEv
FN:339,_ZN7testing4Test5SetupEv
FNDA:0,_ZN7testing4Test5SetupEv
DA:244,0
DA:252,0
DA:257,0
DA:258,0
DA:339,0
end_of_record
SF:/home/developer/workspace/tryings/sample/tools/googletest/googletest/include/gtest/internal/gtest-port.h
FN:967,_ZN7testing8internal8GTestLog9GetStreamEv
FNDA:0,_ZN7testing8internal8GTestLog9GetStreamEv
FN:1116,_ZN7testing8internal27CheckedDowncastToActualTypeINS0_11ThreadLocalIPNS_8SequenceEE11ValueHolderENS0_26ThreadLocalValueHolderBaseEEEPT_PT0_
FNDA:0,_ZN7testing8internal27CheckedDowncastToActualTypeINS0_11ThreadLocalIPNS_8SequenceEE11ValueHolderENS0_26ThreadLocalValueHolderBaseEEEPT_PT0_
FN:1619,_ZN7testing8internal9MutexBase4LockEv
FNDA:0,_ZN7testing8internal9MutexBase4LockEv
FN:1626,_ZN7testing8internal9MutexBase6UnlockEv
FNDA:0,_ZN7testing8internal9MutexBase6UnlockEv
FN:1637,_ZNK7testing8internal9MutexBase10AssertHeldEv
FNDA:0,_ZNK7testing8internal9MutexBase10AssertHeldEv
FN:1694,_ZN7testing8internal14GTestMutexLockC2EPNS0_9MutexBaseE
FNDA:0,_ZN7testing8internal14GTestMutexLockC2EPNS0_9MutexBaseE
FN:1696,_ZN7testing8internal14GTestMutexLockD2Ev
FNDA:0,_ZN7testing8internal14GTestMutexLockD2Ev
FN:1744,_ZNK7testing8internal11ThreadLocalIPNS_8SequenceEE7pointerEv
FNDA:0,_ZNK7testing8internal11ThreadLocalIPNS_8SequenceEE7pointerEv
FN:1745,_ZNK7testing8internal11ThreadLocalIPNS_8SequenceEE3getEv
FNDA:0,_ZNK7testing8internal11ThreadLocalIPNS_8SequenceEE3getEv
FN:1755,_ZN7testing8internal11ThreadLocalIPNS_8SequenceEE11ValueHolder7pointerEv
FNDA:0,_ZN7testing8internal11ThreadLocalIPNS_8SequenceEE11ValueHolder7pointerEv
FN:1772,_ZNK7testing8internal11ThreadLocalIPNS_8SequenceEE16GetOrCreateValueEv
FNDA:0,_ZNK7testing8internal11ThreadLocalIPNS_8SequenceEE16GetOrCreateValueEv
DA:967,0
DA:1116,0
DA:1118,0
DA:1124,0
DA:1619,0
DA:1620,0
DA:1621,0
DA:1622,0
DA:1623,0
DA:1626,0
DA:1631,0
DA:1632,0
DA:1633,0
DA:1637,0
DA:1638,0
DA:1639,0
DA:1640,0
DA:1694,0
DA:1696,0
DA:1744,0
DA:1745,0
DA:1755,0
DA:1772,0
DA:1774,0
DA:1775,0
DA:1776,0
DA:1779,0
DA:1780,0
DA:1781,0
DA:1782,0
end_of_record
SF:/home/developer/workspace/tryings/sample/tests/MockFormat.hpp
FN:9,_ZN10MockFormat13gmock_publishERKN7testing7MatcherIRKSt10shared_ptrI13OutputMessageEEE
FNDA:0,_ZN10MockFormat13gmock_publishERKN7testing7MatcherIRKSt10shared_ptrI13OutputMessageEEE
FN:9,_ZN10MockFormat7publishERKSt10shared_ptrI13OutputMessageE
FNDA:0,_ZN10MockFormat7publishERKSt10shared_ptrI13OutputMessageE
FN:10,_ZNK10MockFormat13gmock_getTypeEv
FNDA:0,_ZNK10MockFormat13gmock_getTypeEv
FN:10,_ZNK10MockFormat7getTypeEv
FNDA:0,_ZNK10MockFormat7getTypeEv
DA:9,0
DA:9,0
DA:10,0
DA:10,0
end_of_record
SF:/home/developer/workspace/tryings/sample/src/output/Output.hpp
FN:19,_ZN6OutputD2Ev
FNDA:0,_ZN6OutputD2Ev
DA:19,0
end_of_record
SF:/home/developer/workspace/tryings/sample/src/output/OutputMessage.hpp
FN:18,_ZN13OutputMessageD2Ev
FNDA:0,_ZN13OutputMessageD2Ev
DA:18,0
end_of_record
SF:/home/developer/workspace/tryings/sample/tools/googletest/googlemock/include/gmock/gmock-actions.h
FN:174,_ZN7testing8internal25BuiltInDefaultValueGetterIN7IFormat10FormatTypeELb1EE3GetEv
FNDA:0,_ZN7testing8internal25BuiltInDefaultValueGetterIN7IFormat10FormatTypeELb1EE3GetEv
FN:199,_ZN7testing8internal19BuiltInDefaultValueIN7IFormat10FormatTypeEE6ExistsEv
FNDA:0,_ZN7testing8internal19BuiltInDefaultValueIN7IFormat10FormatTypeEE6ExistsEv
FN:201,_ZN7testing8internal19BuiltInDefaultValueIN7IFormat10FormatTypeEE3GetEv
FNDA:0,_ZN7testing8internal19BuiltInDefaultValueIN7IFormat10FormatTypeEE3GetEv
FN:598,_ZN7testing12DefaultValueIN7IFormat10FormatTypeEE5IsSetEv
FNDA:0,_ZN7testing12DefaultValueIN7IFormat10FormatTypeEE5IsSetEv
FN:602,_ZN7testing12DefaultValueIN7IFormat10FormatTypeEE6ExistsEv
FNDA:0,_ZN7testing12DefaultValueIN7IFormat10FormatTypeEE6ExistsEv
FN:609,_ZN7testing12DefaultValueIN7IFormat10FormatTypeEE3GetEv
FNDA:0,_ZN7testing12DefaultValueIN7IFormat10FormatTypeEE3GetEv
FN:686,_ZN7testing12DefaultValueIvE6ExistsEv
FNDA:0,_ZN7testing12DefaultValueIvE6ExistsEv
FN:687,_ZN7testing12DefaultValueIvE3GetEv
FNDA:0,_ZN7testing12DefaultValueIvE3GetEv
FN:755,_ZN7testing6ActionIFvRKSt10shared_ptrI13OutputMessageEEEC2Ev
FNDA:0,_ZN7testing6ActionIFvRKSt10shared_ptrI13OutputMessageEEEC2Ev
FN:755,_ZN7testing6ActionIFN7IFormat10FormatTypeEvEEC2Ev
FNDA:0,_ZN7testing6ActionIFN7IFormat10FormatTypeEvEEC2Ev
FN:765,_ZN7testing6ActionIFN7IFormat10FormatTypeEvEEC2IZN50OutputTest_PublishWithoutRegisteringAnyFormat_Test8TestBodyEvEUlvE_vEEOT_
FNDA:0,_ZN7testing6ActionIFN7IFormat10FormatTypeEvEEC2IZN50OutputTest_PublishWithoutRegisteringAnyFormat_Test8TestBodyEvEUlvE_vEEOT_
FN:765,_ZN7testing6ActionIFN7IFormat10FormatTypeEvEEC2IZN29OutputTest_PublishOutput_Test8TestBodyEvEUlvE_vEEOT_
FNDA:0,_ZN7testing6ActionIFN7IFormat10FormatTypeEvEEC2IZN29OutputTest_PublishOutput_Test8TestBodyEvEUlvE_vEEOT_
FN:781,_ZNK7testing6ActionIFvRKSt10shared_ptrI13OutputMessageEEE11IsDoDefaultEv
FNDA:0,_ZNK7testing6ActionIFvRKSt10shared_ptrI13OutputMessageEEE11IsDoDefaultEv
FN:781,_ZNK7testing6ActionIFN7IFormat10FormatTypeEvEE11IsDoDefaultEv
FNDA:0,_ZNK7testing6ActionIFN7IFormat10FormatTypeEvEE11IsDoDefaultEv
FN:789,_ZNK7testing6ActionIFN7IFormat10FormatTypeEvEE7PerformESt5tupleIJEE
FNDA:0,_ZNK7testing6ActionIFN7IFormat10FormatTypeEvEE7PerformESt5tupleIJEE
FN:789,_ZNK7testing6ActionIFvRKSt10shared_ptrI13OutputMessageEEE7PerformESt5tupleIJS5_EE
FNDA:0,_ZNK7testing6ActionIFvRKSt10shared_ptrI13OutputMessageEEE7PerformESt5tupleIJS5_EE
FN:819,_ZN7testing6ActionIFN7IFormat10FormatTypeEvEE4InitIZN50OutputTest_PublishWithoutRegisteringAnyFormat_Test8TestBodyEvEUlvE_EEvOT_St17integral_constantIbLb1EE
FNDA:0,_ZN7testing6ActionIFN7IFormat10FormatTypeEvEE4InitIZN50OutputTest_PublishWithoutRegisteringAnyFormat_Test8TestBodyEvEUlvE_EEvOT_St17integral_constantIbLb1EE
FN:819,_ZN7testing6ActionIFN7IFormat10FormatTypeEvEE4InitIZN29OutputTest_PublishOutput_Test8TestBodyEvEUlvE_EEvOT_St17integral_constantIbLb1EE
FNDA:0,_ZN7testing6ActionIFN7IFormat10FormatTypeEvEE4InitIZN29OutputTest_PublishOutput_Test8TestBodyEvEUlvE_EEvOT_St17integral_constantIbLb1EE
FN:1257,_ZNK7testing8internal15DoDefaultActioncvNS_6ActionIT_EEIFN7IFormat10FormatTypeEvEEEv
FNDA:0,_ZNK7testing8internal15DoDefaultActioncvNS_6ActionIT_EEIFN7IFormat10FormatTypeEvEEEv
FN:1257,_ZNK7testing8internal15DoDefaultActioncvNS_6ActionIT_EEIFvRKSt10shared_ptrI13OutputMessageEEEEv
FNDA:0,_ZNK7testing8internal15DoDefaultActioncvNS_6ActionIT_EEIFvRKSt10shared_ptrI13OutputMessageEEEEv
FN:1905,_ZN7testing9DoDefaultEv
FNDA:0,_ZN7testing9DoDefaultEv
FN:1947,_ZN7testing6InvokeIZN50OutputTest_PublishWithoutRegisteringAnyFormat_Test8TestBodyEvEUlvE_EENSt5decayIT_E4typeEOS4_
FNDA:0,_ZN7testing6InvokeIZN50OutputTest_PublishWithoutRegisteringAnyFormat_Test8TestBodyEvEUlvE_EENSt5decayIT_E4typeEOS4_
FN:1947,_ZN7testing6InvokeIZN29OutputTest_PublishOutput_Test8TestBodyEvEUlvE_EENSt5decayIT_E4typeEOS4_
FNDA:0,_ZN7testing6InvokeIZN29OutputTest_PublishOutput_Test8TestBodyEvEUlvE_EENSt5decayIT_E4typeEOS4_
DA:174,0
DA:199,0
DA:201,0
DA:203,0
DA:598,0
DA:602,0
DA:603,0
DA:609,0
DA:610,0
DA:611,0
DA:686,0
DA:687,0
DA:755,0
DA:755,0
DA:765,0
DA:766,0
DA:767,0
DA:765,0
DA:766,0
DA:767,0
DA:781,0
DA:781,0
DA:789,0
DA:790,0
DA:791,0
DA:793,0
DA:789,0
DA:790,0
DA:791,0
DA:793,0
DA:819,0
DA:820,0
DA:821,0
DA:819,0
DA:820,0
DA:821,0
DA:1257,0
DA:1258,0
DA:1257,0
DA:1258,0
DA:1905,0
DA:1906,0
DA:1947,0
DA:1948,0
DA:1947,0
DA:1948,0
end_of_record
SF:/home/developer/workspace/tryings/sample/tools/googletest/googlemock/include/gmock/internal/gmock-internal-utils.h
FN:228,_ZN7testing8internal6AssertEbPKciRKNSt7__cxx1112basic_stringIcSt11char_traitsIcESaIcEEE
FNDA:0,_ZN7testing8internal6AssertEbPKciRKNSt7__cxx1112basic_stringIcSt11char_traitsIcESaIcEEE
FN:241,_ZN7testing8internal6ExpectEbPKciRKNSt7__cxx1112basic_stringIcSt11char_traitsIcESaIcEEE
FNDA:0,_ZN7testing8internal6ExpectEbPKciRKNSt7__cxx1112basic_stringIcSt11char_traitsIcESaIcEEE
FN:408,_ZN7testing8internal9ApplyImplIRKSt8functionIFN7IFormat10FormatTypeEvEESt5tupleIJEEJEEEDTclcl7forwardIT_Efp_Espcl3getIXT1_EEcl7forwardIT0_Efp0_EEEEOSB_OSC_NS0_13IndexSequenceIJXspT1_EEEE
FNDA:0,_ZN7testing8internal9ApplyImplIRKSt8functionIFN7IFormat10FormatTypeEvEESt5tupleIJEEJEEEDTclcl7forwardIT_Efp_Espcl3getIXT1_EEcl7forwardIT0_Efp0_EEEEOSB_OSC_NS0_13IndexSequenceIJXspT1_EEEE
FN:408,_ZN7testing8internal9ApplyImplIRKSt8functionIFvRKSt10shared_ptrI13OutputMessageEEESt5tupleIJS7_EEJLm0EEEEDTclcl7forwardIT_Efp_Espcl3getIXT1_EEcl7forwardIT0_Efp0_EEEEOSE_OSF_NS0_13IndexSequenceIJXspT1_EEEE
FNDA:0,_ZN7testing8internal9ApplyImplIRKSt8functionIFvRKSt10shared_ptrI13OutputMessageEEESt5tupleIJS7_EEJLm0EEEEDTclcl7forwardIT_Efp_Espcl3getIXT1_EEcl7forwardIT0_Efp0_EEEEOSE_OSF_NS0_13IndexSequenceIJXspT1_EEEE
FN:416,_ZN7testing8internal5ApplyIRKSt8functionIFN7IFormat10FormatTypeEvEESt5tupleIJEEEEDTcl9ApplyImplcl7forwardIT_Efp_Ecl7forwardIT0_Efp0_EcvNS0_21MakeIndexSequenceImplIXsrSt10tuple_sizeINSt16remove_referenceISC_E4typeEE5valueEE4typeE_EEEOSB_OSC_
FNDA:0,_ZN7testing8internal5ApplyIRKSt8functionIFN7IFormat10FormatTypeEvEESt5tupleIJEEEEDTcl9ApplyImplcl7forwardIT_Efp_Ecl7forwardIT0_Efp0_EcvNS0_21MakeIndexSequenceImplIXsrSt10tuple_sizeINSt16remove_referenceISC_E4typeEE5valueEE4typeE_EEEOSB_OSC_
FN:416,_ZN7testing8internal5ApplyIRKSt8functionIFvRKSt10shared_ptrI13OutputMessageEEESt5tupleIJS7_EEEEDTcl9ApplyImplcl7forwardIT_Efp_Ecl7forwardIT0_Efp0_EcvNS0_21MakeIndexSequenceImplIXsrSt10tuple_sizeINSt16remove_referenceISF_E4typeEE5valueEE4typeE_EEEOSE_OSF_
FNDA:0,_ZN7testing8internal5ApplyIRKSt8functionIFvRKSt10shared_ptrI13OutputMessageEEESt5tupleIJS7_EEEEDTcl9ApplyImplcl7forwardIT_Efp_Ecl7forwardIT0_Efp0_EcvNS0_21MakeIndexSequenceImplIXsrSt10tuple_sizeINSt16remove_referenceISF_E4typeEE5valueEE4typeE_EEEOSE_OSF_
DA:228,0
DA:230,0
DA:231,0
DA:232,0
DA:234,0
DA:241,0
DA:243,0
DA:244,0
DA:245,0
DA:247,0
DA:408,0
DA:411,0
DA:408,0
DA:411,0
DA:416,0
DA:420,0
DA:422,0
DA:416,0
DA:420,0
DA:422,0
end_of_record
SF:/home/developer/workspace/tryings/sample/src/format/IFormat.hpp
end_of_record
SF:/home/developer/workspace/tryings/sample/tools/googletest/googletest/include/gtest/internal/gtest-internal.h
FN:451,_ZN7testing8internal15TestFactoryBaseD0Ev
FNDA:0,_ZN7testing8internal15TestFactoryBaseD0Ev
FN:451,_ZN7testing8internal15TestFactoryBaseD2Ev
FNDA:0,_ZN7testing8internal15TestFactoryBaseD2Ev
FN:458,_ZN7testing8internal15TestFactoryBaseC2Ev
FNDA:0,_ZN7testing8internal15TestFactoryBaseC2Ev
FN:470,_ZN7testing8internal15TestFactoryImplI29OutputTest_PublishOutput_TestE10CreateTestEv
FNDA:0,_ZN7testing8internal15TestFactoryImplI29OutputTest_PublishOutput_TestE10CreateTestEv
FN:470,_ZN7testing8internal15TestFactoryImplI50OutputTest_PublishWithoutRegisteringAnyFormat_TestE10CreateTestEv
FNDA:0,_ZN7testing8internal15TestFactoryImplI50OutputTest_PublishWithoutRegisteringAnyFormat_TestE10CreateTestEv
FN:491,_ZN7testing8internal12CodeLocationC2ERKNSt7__cxx1112basic_stringIcSt11char_traitsIcESaIcEEEi
FNDA:0,_ZN7testing8internal12CodeLocationC2ERKNSt7__cxx1112basic_stringIcSt11char_traitsIcESaIcEEEi
FN:504,_ZN7testing8internal19GetNotDefaultOrNullEPFvvES2_
FNDA:0,_ZN7testing8internal19GetNotDefaultOrNullEPFvvES2_
FN:519,_ZN7testing8internal16SuiteApiResolverINS_4TestEE19GetSetUpCaseOrSuiteEPKci
FNDA:0,_ZN7testing8internal16SuiteApiResolverINS_4TestEE19GetSetUpCaseOrSuiteEPKci
FN:540,_ZN7testing8internal16SuiteApiResolverINS_4TestEE22GetTearDownCaseOrSuiteEPKci
FNDA:0,_ZN7testing8internal16SuiteApiResolverINS_4TestEE22GetTearDownCaseOrSuiteEPKci
DA:451,0
DA:451,0
DA:458,0
DA:470,0
DA:470,0
DA:491,0
DA:492,0
DA:504,0
DA:506,0
DA:519,0
DA:523,0
DA:525,0
DA:527,0
DA:530,0
DA:532,0
DA:540,0
DA:544,0
DA:546,0
DA:548,0
DA:551,0
DA:553,0
end_of_record
SF:/home/developer/workspace/tryings/sample/tests/output/OutputTest.cpp
FN:19,_ZN29OutputTest_PublishOutput_TestC2Ev
FNDA:0,_ZN29OutputTest_PublishOutput_TestC2Ev
FN:19,_ZN29OutputTest_PublishOutput_TestD0Ev
FNDA:0,_ZN29OutputTest_PublishOutput_TestD0Ev
FN:19,_ZN29OutputTest_PublishOutput_TestD2Ev
FNDA:0,_ZN29OutputTest_PublishOutput_TestD2Ev
FN:19,_ZN29OutputTest_PublishOutput_Test8TestBodyEv
FNDA:0,_ZN29OutputTest_PublishOutput_Test8TestBodyEv
FN:24,_ZZN29OutputTest_PublishOutput_Test8TestBodyEvENKUlvE_clEv
FNDA:0,_ZZN29OutputTest_PublishOutput_Test8TestBodyEvENKUlvE_clEv
FN:44,_ZN50OutputTest_PublishWithoutRegisteringAnyFormat_TestC2Ev
FNDA:0,_ZN50OutputTest_PublishWithoutRegisteringAnyFormat_TestC2Ev
FN:44,_ZN50OutputTest_PublishWithoutRegisteringAnyFormat_TestD0Ev
FNDA:0,_ZN50OutputTest_PublishWithoutRegisteringAnyFormat_TestD0Ev
FN:44,_ZN50OutputTest_PublishWithoutRegisteringAnyFormat_TestD2Ev
FNDA:0,_ZN50OutputTest_PublishWithoutRegisteringAnyFormat_TestD2Ev
FN:44,_ZN50OutputTest_PublishWithoutRegisteringAnyFormat_Test8TestBodyEv
FNDA:0,_ZN50OutputTest_PublishWithoutRegisteringAnyFormat_Test8TestBodyEv
FN:49,_ZZN50OutputTest_PublishWithoutRegisteringAnyFormat_Test8TestBodyEvENKUlvE_clEv
FNDA:0,_ZZN50OutputTest_PublishWithoutRegisteringAnyFormat_Test8TestBodyEvENKUlvE_clEv
DA:19,0
DA:19,0
DA:19,0
DA:19,0
DA:22,0
DA:24,0
DA:26,0
DA:28,0
DA:29,0
DA:32,0
DA:33,0
DA:35,0
DA:36,0
DA:37,0
DA:40,0
DA:41,0
DA:42,0
DA:24,0
DA:25,0
DA:44,0
DA:44,0
DA:44,0
DA:44,0
DA:47,0
DA:49,0
DA:51,0
DA:53,0
DA:54,0
DA:57,0
DA:59,0
DA:60,0
DA:61,0
DA:64,0
DA:65,0
DA:66,0
DA:49,0
DA:50,0
end_of_record
SF:/home/developer/workspace/tryings/sample/tools/googletest/googlemock/include/gmock/gmock-spec-builders.h
FN:238,_ZN7testing8internal21UntypedOnCallSpecBaseC2EPKci
FNDA:0,_ZN7testing8internal21UntypedOnCallSpecBaseC2EPKci
FN:242,_ZNK7testing8internal21UntypedOnCallSpecBase4fileEv
FNDA:0,_ZNK7testing8internal21UntypedOnCallSpecBase4fileEv
FN:243,_ZNK7testing8internal21UntypedOnCallSpecBase4lineEv
FNDA:0,_ZNK7testing8internal21UntypedOnCallSpecBase4lineEv
FN:256,_ZNK7testing8internal21UntypedOnCallSpecBase18AssertSpecPropertyEbRKNSt7__cxx1112basic_stringIcSt11char_traitsIcESaIcEEE
FNDA:0,_ZNK7testing8internal21UntypedOnCallSpecBase18AssertSpecPropertyEbRKNSt7__cxx1112basic_stringIcSt11char_traitsIcESaIcEEE
FN:262,_ZNK7testing8internal21UntypedOnCallSpecBase18ExpectSpecPropertyEbRKNSt7__cxx1112basic_stringIcSt11char_traitsIcESaIcEEE
FNDA:0,_ZNK7testing8internal21UntypedOnCallSpecBase18ExpectSpecPropertyEbRKNSt7__cxx1112basic_stringIcSt11char_traitsIcESaIcEEE
FN:284,_ZN7testing8internal10OnCallSpecIFN7IFormat10FormatTypeEvEEC2EPKciRKSt5tupleIJEE
FNDA:0,_ZN7testing8internal10OnCallSpecIFN7IFormat10FormatTypeEvEEC2EPKciRKSt5tupleIJEE
FN:306,_ZN7testing8internal10OnCallSpecIFN7IFormat10FormatTypeEvEE13WillByDefaultERKNS_6ActionIS4_EE
FNDA:0,_ZN7testing8internal10OnCallSpecIFN7IFormat10FormatTypeEvEE13WillByDefaultERKNS_6ActionIS4_EE
FN:319,_ZNK7testing8internal10OnCallSpecIFvRKSt10shared_ptrI13OutputMessageEEE7MatchesERKSt5tupleIJS6_EE
FNDA:0,_ZNK7testing8internal10OnCallSpecIFvRKSt10shared_ptrI13OutputMessageEEE7MatchesERKSt5tupleIJS6_EE
FN:319,_ZNK7testing8internal10OnCallSpecIFN7IFormat10FormatTypeEvEE7MatchesERKSt5tupleIJEE
FNDA:0,_ZNK7testing8internal10OnCallSpecIFN7IFormat10FormatTypeEvEE7MatchesERKSt5tupleIJEE
FN:324,_ZNK7testing8internal10OnCallSpecIFvRKSt10shared_ptrI13OutputMessageEEE9GetActionEv
FNDA:0,_ZNK7testing8internal10OnCallSpecIFvRKSt10shared_ptrI13OutputMessageEEE9GetActionEv
FN:324,_ZNK7testing8internal10OnCallSpecIFN7IFormat10FormatTypeEvEE9GetActionEv
FNDA:0,_ZNK7testing8internal10OnCallSpecIFN7IFormat10FormatTypeEvEE9GetActionEv
FN:535,_ZNK7testing11Expectation16expectation_baseEv
FNDA:0,_ZNK7testing11Expectation16expectation_baseEv
FN:565,_ZN7testing14ExpectationSetC2Ev
FNDA:0,_ZN7testing14ExpectationSetC2Ev
FN:601,_ZNK7testing14ExpectationSet5beginEv
FNDA:0,_ZNK7testing14ExpectationSet5beginEv
FN:602,_ZNK7testing14ExpectationSet3endEv
FNDA:0,_ZNK7testing14ExpectationSet3endEv
FN:689,_ZNK7testing8internal15ExpectationBase4fileEv
FNDA:0,_ZNK7testing8internal15ExpectationBase4fileEv
FN:690,_ZNK7testing8internal15ExpectationBase4lineEv
FNDA:0,_ZNK7testing8internal15ExpectationBase4lineEv
FN:691,_ZNK7testing8internal15ExpectationBase11source_textEv
FNDA:0,_ZNK7testing8internal15ExpectationBase11source_textEv
FN:693,_ZNK7testing8internal15ExpectationBase11cardinalityEv
FNDA:0,_ZNK7testing8internal15ExpectationBase11cardinalityEv
FN:696,_ZNK7testing8internal15ExpectationBase18DescribeLocationToEPSo
FNDA:0,_ZNK7testing8internal15ExpectationBase18DescribeLocationToEPSo
FN:764,_ZNK7testing8internal15ExpectationBase10is_retiredEv
FNDA:0,_ZNK7testing8internal15ExpectationBase10is_retiredEv
FN:770,_ZN7testing8internal15ExpectationBase6RetireEv
FNDA:0,_ZN7testing8internal15ExpectationBase6RetireEv
FN:782,_ZNK7testing8internal15ExpectationBase11IsSaturatedEv
FNDA:0,_ZNK7testing8internal15ExpectationBase11IsSaturatedEv
FN:803,_ZNK7testing8internal15ExpectationBase10call_countEv
FNDA:0,_ZNK7testing8internal15ExpectationBase10call_countEv
FN:809,_ZN7testing8internal15ExpectationBase18IncrementCallCountEv
FNDA:0,_ZN7testing8internal15ExpectationBase18IncrementCallCountEv
FN:872,_ZN7testing8internal16TypedExpectationIFN7IFormat10FormatTypeEvEEC2EPNS0_14FunctionMockerIS4_EEPKciRKNSt7__cxx1112basic_stringIcSt11char_traitsIcESaIcEEERKSt5tupleIJEE
FNDA:0,_ZN7testing8internal16TypedExpectationIFN7IFormat10FormatTypeEvEEC2EPNS0_14FunctionMockerIS4_EEPKciRKNSt7__cxx1112basic_stringIcSt11char_traitsIcESaIcEEERKSt5tupleIJEE
FN:872,_ZN7testing8internal16TypedExpectationIFvRKSt10shared_ptrI13OutputMessageEEEC2EPNS0_14FunctionMockerIS7_EEPKciRKNSt7__cxx1112basic_stringIcSt11char_traitsIcESaIcEEERKSt5tupleIJNS_7MatcherIS6_EEEE
FNDA:0,_ZN7testing8internal16TypedExpectationIFvRKSt10shared_ptrI13OutputMessageEEEC2EPNS0_14FunctionMockerIS7_EEPKciRKNSt7__cxx1112basic_stringIcSt11char_traitsIcESaIcEEERKSt5tupleIJNS_7MatcherIS6_EEEE
FN:884,_ZN7testing8internal16TypedExpectationIFvRKSt10shared_ptrI13OutputMessageEEED0Ev
FNDA:0,_ZN7testing8internal16TypedExpectationIFvRKSt10shared_ptrI13OutputMessageEEED0Ev
FN:884,_ZN7testing8internal16TypedExpectationIFN7IFormat10FormatTypeEvEED2Ev
FNDA:0,_ZN7testing8internal16TypedExpectationIFN7IFormat10FormatTypeEvEED2Ev
FN:884,_ZN7testing8internal16TypedExpectationIFN7IFormat10FormatTypeEvEED0Ev
FNDA:0,_ZN7testing8internal16TypedExpectationIFN7IFormat10FormatTypeEvEED0Ev
FN:884,_ZN7testing8internal16TypedExpectationIFvRKSt10shared_ptrI13OutputMessageEEED2Ev
FNDA:0,_ZN7testing8internal16TypedExpectationIFvRKSt10shared_ptrI13OutputMessageEEED2Ev
FN:913,_ZN7testing8internal16TypedExpectationIFN7IFormat10FormatTypeEvEE5TimesERKNS_11CardinalityE
FNDA:0,_ZN7testing8internal16TypedExpectationIFN7IFormat10FormatTypeEvEE5TimesERKNS_11CardinalityE
FN:913,_ZN7testing8internal16TypedExpectationIFvRKSt10shared_ptrI13OutputMessageEEE5TimesERKNS_11CardinalityE
FNDA:0,_ZN7testing8internal16TypedExpectationIFvRKSt10shared_ptrI13OutputMessageEEE5TimesERKNS_11CardinalityE
FN:919,_ZN7testing8internal16TypedExpectationIFN7IFormat10FormatTypeEvEE5TimesEi
FNDA:0,_ZN7testing8internal16TypedExpectationIFN7IFormat10FormatTypeEvEE5TimesEi
FN:919,_ZN7testing8internal16TypedExpectationIFvRKSt10shared_ptrI13OutputMessageEEE5TimesEi
FNDA:0,_ZN7testing8internal16TypedExpectationIFvRKSt10shared_ptrI13OutputMessageEEE5TimesEi
FN:1059,_ZNK7testing8internal16TypedExpectationIFvRKSt10shared_ptrI13OutputMessageEEE15repeated_actionEv
FNDA:0,_ZNK7testing8internal16TypedExpectationIFvRKSt10shared_ptrI13OutputMessageEEE15repeated_actionEv
FN:1059,_ZNK7testing8internal16TypedExpectationIFN7IFormat10FormatTypeEvEE15repeated_actionEv
FNDA:0,_ZNK7testing8internal16TypedExpectationIFN7IFormat10FormatTypeEvEE15repeated_actionEv
FN:1063,_ZN7testing8internal16TypedExpectationIFN7IFormat10FormatTypeEvEE27MaybeDescribeExtraMatcherToEPSo
FNDA:0,_ZN7testing8internal16TypedExpectationIFN7IFormat10FormatTypeEvEE27MaybeDescribeExtraMatcherToEPSo
FN:1063,_ZN7testing8internal16TypedExpectationIFvRKSt10shared_ptrI13OutputMessageEEE27MaybeDescribeExtraMatcherToEPSo
FNDA:0,_ZN7testing8internal16TypedExpectationIFvRKSt10shared_ptrI13OutputMessageEEE27MaybeDescribeExtraMatcherToEPSo
FN:1087,_ZN7testing8internal16TypedExpectationIFN7IFormat10FormatTypeEvEE9GetHandleEv
FNDA:0,_ZN7testing8internal16TypedExpectationIFN7IFormat10FormatTypeEvEE9GetHandleEv
FN:1087,_ZN7testing8internal16TypedExpectationIFvRKSt10shared_ptrI13OutputMessageEEE9GetHandleEv
FNDA:0,_ZN7testing8internal16TypedExpectationIFvRKSt10shared_ptrI13OutputMessageEEE9GetHandleEv
FN:1094,_ZNK7testing8internal16TypedExpectationIFN7IFormat10FormatTypeEvEE7MatchesERKSt5tupleIJEE
FNDA:0,_ZNK7testing8internal16TypedExpectationIFN7IFormat10FormatTypeEvEE7MatchesERKSt5tupleIJEE
FN:1094,_ZNK7testing8internal16TypedExpectationIFvRKSt10shared_ptrI13OutputMessageEEE7MatchesERKSt5tupleIJS6_EE
FNDA:0,_ZNK7testing8internal16TypedExpectationIFvRKSt10shared_ptrI13OutputMessageEEE7MatchesERKSt5tupleIJS6_EE
FN:1102,_ZNK7testing8internal16TypedExpectationIFN7IFormat10FormatTypeEvEE21ShouldHandleArgumentsERKSt5tupleIJEE
FNDA:0,_ZNK7testing8internal16TypedExpectationIFN7IFormat10FormatTypeEvEE21ShouldHandleArgumentsERKSt5tupleIJEE
FN:1102,_ZNK7testing8internal16TypedExpectationIFvRKSt10shared_ptrI13OutputMessageEEE21ShouldHandleArgumentsERKSt5tupleIJS6_EE
FNDA:0,_ZNK7testing8internal16TypedExpectationIFvRKSt10shared_ptrI13OutputMessageEEE21ShouldHandleArgumentsERKSt5tupleIJS6_EE
FN:1116,_ZNK7testing8internal16TypedExpectationIFN7IFormat10FormatTypeEvEE20ExplainMatchResultToERKSt5tupleIJEEPSo
FNDA:0,_ZNK7testing8internal16TypedExpectationIFN7IFormat10FormatTypeEvEE20ExplainMatchResultToERKSt5tupleIJEEPSo
FN:1116,_ZNK7testing8internal16TypedExpectationIFvRKSt10shared_ptrI13OutputMessageEEE20ExplainMatchResultToERKSt5tupleIJS6_EEPSo
FNDA:0,_ZNK7testing8internal16TypedExpectationIFvRKSt10shared_ptrI13OutputMessageEEE20ExplainMatchResultToERKSt5tupleIJS6_EEPSo
FN:1159,_ZNK7testing8internal16TypedExpectationIFN7IFormat10FormatTypeEvEE16GetCurrentActionEPKNS0_14FunctionMockerIS4_EERKSt5tupleIJEE
FNDA:0,_ZNK7testing8internal16TypedExpectationIFN7IFormat10FormatTypeEvEE16GetCurrentActionEPKNS0_14FunctionMockerIS4_EERKSt5tupleIJEE
FN:1159,_ZNK7testing8internal16TypedExpectationIFvRKSt10shared_ptrI13OutputMessageEEE16GetCurrentActionEPKNS0_14FunctionMockerIS7_EERKSt5tupleIJS6_EE
FNDA:0,_ZNK7testing8internal16TypedExpectationIFvRKSt10shared_ptrI13OutputMessageEEE16GetCurrentActionEPKNS0_14FunctionMockerIS7_EERKSt5tupleIJS6_EE
FN:1196,_ZN7testing8internal16TypedExpectationIFN7IFormat10FormatTypeEvEE21GetActionForArgumentsEPKNS0_14FunctionMockerIS4_EERKSt5tupleIJEEPSoSE_
FNDA:0,_ZN7testing8internal16TypedExpectationIFN7IFormat10FormatTypeEvEE21GetActionForArgumentsEPKNS0_14FunctionMockerIS4_EERKSt5tupleIJEEPSoSE_
FN:1196,_ZN7testing8internal16TypedExpectationIFvRKSt10shared_ptrI13OutputMessageEEE21GetActionForArgumentsEPKNS0_14FunctionMockerIS7_EERKSt5tupleIJS6_EEPSoSH_
FNDA:0,_ZN7testing8internal16TypedExpectationIFvRKSt10shared_ptrI13OutputMessageEEE21GetActionForArgumentsEPKNS0_14FunctionMockerIS7_EERKSt5tupleIJS6_EEPSoSH_
FN:1259,_ZN7testing8internal8MockSpecIFvRKSt10shared_ptrI13OutputMessageEEEC2EPNS0_14FunctionMockerIS7_EERKSt5tupleIJNS_7MatcherIS6_EEEE
FNDA:0,_ZN7testing8internal8MockSpecIFvRKSt10shared_ptrI13OutputMessageEEEC2EPNS0_14FunctionMockerIS7_EERKSt5tupleIJNS_7MatcherIS6_EEEE
FN:1259,_ZN7testing8internal8MockSpecIFN7IFormat10FormatTypeEvEEC2EPNS0_14FunctionMockerIS4_EERKSt5tupleIJEE
FNDA:0,_ZN7testing8internal8MockSpecIFN7IFormat10FormatTypeEvEEC2EPNS0_14FunctionMockerIS4_EERKSt5tupleIJEE
FN:1265,_ZN7testing8internal8MockSpecIFN7IFormat10FormatTypeEvEE26InternalDefaultActionSetAtEPKciS7_S7_
FNDA:0,_ZN7testing8internal8MockSpecIFN7IFormat10FormatTypeEvEE26InternalDefaultActionSetAtEPKciS7_S7_
FN:1275,_ZN7testing8internal8MockSpecIFvRKSt10shared_ptrI13OutputMessageEEE18InternalExpectedAtEPKciSA_SA_
FNDA:0,_ZN7testing8internal8MockSpecIFvRKSt10shared_ptrI13OutputMessageEEE18InternalExpectedAtEPKciSA_SA_
FN:1275,_ZN7testing8internal8MockSpecIFN7IFormat10FormatTypeEvEE18InternalExpectedAtEPKciS7_S7_
FNDA:0,_ZN7testing8internal8MockSpecIFN7IFormat10FormatTypeEvEE18InternalExpectedAtEPKciS7_S7_
FN:1288,_ZN7testing8internal8MockSpecIFN7IFormat10FormatTypeEvEEclERKNS0_15WithoutMatchersEPv
FNDA:0,_ZN7testing8internal8MockSpecIFN7IFormat10FormatTypeEvEEclERKNS0_15WithoutMatchersEPv
FN:1288,_ZN7testing8internal8MockSpecIFvRKSt10shared_ptrI13OutputMessageEEEclERKNS0_15WithoutMatchersEPv
FNDA:0,_ZN7testing8internal8MockSpecIFvRKSt10shared_ptrI13OutputMessageEEEclERKNS0_15WithoutMatchersEPv
FN:1350,_ZN7testing8internal19PrintAsActionResultIN7IFormat10FormatTypeEEEvRKT_RSo
FNDA:0,_ZN7testing8internal19PrintAsActionResultIN7IFormat10FormatTypeEEEvRKT_RSo
FN:1364,_ZN7testing8internal7CleanupC2ESt8functionIFvvEE
FNDA:0,_ZN7testing8internal7CleanupC2ESt8functionIFvvEE
FN:1365,_ZN7testing8internal7CleanupD2Ev
FNDA:0,_ZN7testing8internal7CleanupD2Ev
FN:1383,_ZN7testing8internal14FunctionMockerIFvRKSt10shared_ptrI13OutputMessageEEEC2Ev
FNDA:0,_ZN7testing8internal14FunctionMockerIFvRKSt10shared_ptrI13OutputMessageEEEC2Ev
FN:1383,_ZN7testing8internal14FunctionMockerIFN7IFormat10FormatTypeEvEEC2Ev
FNDA:0,_ZN7testing8internal14FunctionMockerIFN7IFormat10FormatTypeEvEEC2Ev
FN:1403,_ZN7testing8internal14FunctionMockerIFvRKSt10shared_ptrI13OutputMessageEEED2Ev
FNDA:0,_ZN7testing8internal14FunctionMockerIFvRKSt10shared_ptrI13OutputMessageEEED2Ev
FN:1403,_ZN7testing8internal14FunctionMockerIFvRKSt10shared_ptrI13OutputMessageEEED0Ev
FNDA:0,_ZN7testing8internal14FunctionMockerIFvRKSt10shared_ptrI13OutputMessageEEED0Ev
FN:1403,_ZN7testing8internal14FunctionMockerIFN7IFormat10FormatTypeEvEED2Ev
FNDA:0,_ZN7testing8internal14FunctionMockerIFN7IFormat10FormatTypeEvEED2Ev
FN:1403,_ZN7testing8internal14FunctionMockerIFN7IFormat10FormatTypeEvEED0Ev
FNDA:0,_ZN7testing8internal14FunctionMockerIFN7IFormat10FormatTypeEvEED0Ev
FN:1413,_ZNK7testing8internal14FunctionMockerIFvRKSt10shared_ptrI13OutputMessageEEE14FindOnCallSpecERKSt5tupleIJS6_EE
FNDA:0,_ZNK7testing8internal14FunctionMockerIFvRKSt10shared_ptrI13OutputMessageEEE14FindOnCallSpecERKSt5tupleIJS6_EE
[...]
FNDA:0,_ZNK7testing9TestSuite10should_runEv
FN:714,_ZNK7testing9TestSuite6PassedEv
FNDA:0,_ZNK7testing9TestSuite6PassedEv
FN:717,_ZNK7testing9TestSuite6FailedEv
FNDA:0,_ZNK7testing9TestSuite6FailedEv
FN:722,_ZNK7testing9TestSuite12elapsed_timeEv
FNDA:0,_ZNK7testing9TestSuite12elapsed_timeEv
FN:726,_ZNK7testing9TestSuite15start_timestampEv
FNDA:0,_ZNK7testing9TestSuite15start_timestampEv
FN:734,_ZNK7testing9TestSuite18ad_hoc_test_resultEv
FNDA:0,_ZNK7testing9TestSuite18ad_hoc_test_resultEv
FN:741,_ZN7testing9TestSuite14test_info_listEv
FNDA:0,_ZN7testing9TestSuite14test_info_listEv
FN:744,_ZNK7testing9TestSuite14test_info_listEv
FNDA:0,_ZNK7testing9TestSuite14test_info_listEv
FN:753,_ZN7testing9TestSuite14set_should_runEb
FNDA:0,_ZN7testing9TestSuite14set_should_runEb
FN:763,_ZN7testing9TestSuite20ClearTestSuiteResultEPS0_
FNDA:0,_ZN7testing9TestSuite20ClearTestSuiteResultEPS0_
FN:775,_ZN7testing9TestSuite17RunSetUpTestSuiteEv
FNDA:0,_ZN7testing9TestSuite17RunSetUpTestSuiteEv
FN:783,_ZN7testing9TestSuite20RunTearDownTestSuiteEv
FNDA:0,_ZN7testing9TestSuite20RunTearDownTestSuiteEv
FN:790,_ZN7testing9TestSuite10TestPassedEPKNS_8TestInfoE
FNDA:0,_ZN7testing9TestSuite10TestPassedEPKNS_8TestInfoE
FN:795,_ZN7testing9TestSuite11TestSkippedEPKNS_8TestInfoE
FNDA:0,_ZN7testing9TestSuite11TestSkippedEPKNS_8TestInfoE
FN:800,_ZN7testing9TestSuite10TestFailedEPKNS_8TestInfoE
FNDA:0,_ZN7testing9TestSuite10TestFailedEPKNS_8TestInfoE
FN:806,_ZN7testing9TestSuite22TestReportableDisabledEPKNS_8TestInfoE
FNDA:0,_ZN7testing9TestSuite22TestReportableDisabledEPKNS_8TestInfoE
FN:811,_ZN7testing9TestSuite12TestDisabledEPKNS_8TestInfoE
FNDA:0,_ZN7testing9TestSuite12TestDisabledEPKNS_8TestInfoE
FN:816,_ZN7testing9TestSuite14TestReportableEPKNS_8TestInfoE
FNDA:0,_ZN7testing9TestSuite14TestReportableEPKNS_8TestInfoE
FN:821,_ZN7testing9TestSuite13ShouldRunTestEPKNS_8TestInfoE
FNDA:0,_ZN7testing9TestSuite13ShouldRunTestEPKNS_8TestInfoE
FN:910,_ZN7testing17TestEventListenerD2Ev
FNDA:0,_ZN7testing17TestEventListenerD2Ev
FN:910,_ZN7testing17TestEventListenerD0Ev
FNDA:0,_ZN7testing17TestEventListenerD0Ev
FN:928,_ZN7testing17TestEventListener16OnTestSuiteStartERKNS_9TestSuiteE
FNDA:0,_ZN7testing17TestEventListener16OnTestSuiteStartERKNS_9TestSuiteE
FN:932,_ZN7testing17TestEventListener15OnTestCaseStartERKNS_9TestSuiteE
FNDA:0,_ZN7testing17TestEventListener15OnTestCaseStartERKNS_9TestSuiteE
FN:939,_ZN7testing17TestEventListener14OnTestDisabledERKNS_8TestInfoE
FNDA:0,_ZN7testing17TestEventListener14OnTestDisabledERKNS_8TestInfoE
FN:950,_ZN7testing17TestEventListener14OnTestSuiteEndERKNS_9TestSuiteE
FNDA:0,_ZN7testing17TestEventListener14OnTestSuiteEndERKNS_9TestSuiteE
FN:954,_ZN7testing17TestEventListener13OnTestCaseEndERKNS_9TestSuiteE
FNDA:0,_ZN7testing17TestEventListener13OnTestCaseEndERKNS_9TestSuiteE
FN:977,_ZN7testing22EmptyTestEventListener18OnTestProgramStartERKNS_8UnitTestE
FNDA:0,_ZN7testing22EmptyTestEventListener18OnTestProgramStartERKNS_8UnitTestE
FN:978,_ZN7testing22EmptyTestEventListener20OnTestIterationStartERKNS_8UnitTestEi
FNDA:0,_ZN7testing22EmptyTestEventListener20OnTestIterationStartERKNS_8UnitTestEi
FN:980,_ZN7testing22EmptyTestEventListener24OnEnvironmentsSetUpStartERKNS_8UnitTestE
FNDA:0,_ZN7testing22EmptyTestEventListener24OnEnvironmentsSetUpStartERKNS_8UnitTestE
FN:981,_ZN7testing22EmptyTestEventListener22OnEnvironmentsSetUpEndERKNS_8UnitTestE
FNDA:0,_ZN7testing22EmptyTestEventListener22OnEnvironmentsSetUpEndERKNS_8UnitTestE
FN:982,_ZN7testing22EmptyTestEventListener16OnTestSuiteStartERKNS_9TestSuiteE
FNDA:0,_ZN7testing22EmptyTestEventListener16OnTestSuiteStartERKNS_9TestSuiteE
FN:985,_ZN7testing22EmptyTestEventListener15OnTestCaseStartERKNS_9TestSuiteE
FNDA:0,_ZN7testing22EmptyTestEventListener15OnTestCaseStartERKNS_9TestSuiteE
FN:988,_ZN7testing22EmptyTestEventListener11OnTestStartERKNS_8TestInfoE
FNDA:0,_ZN7testing22EmptyTestEventListener11OnTestStartERKNS_8TestInfoE
FN:989,_ZN7testing22EmptyTestEventListener14OnTestDisabledERKNS_8TestInfoE
FNDA:0,_ZN7testing22EmptyTestEventListener14OnTestDisabledERKNS_8TestInfoE
FN:990,_ZN7testing22EmptyTestEventListener16OnTestPartResultERKNS_14TestPartResultE
FNDA:0,_ZN7testing22EmptyTestEventListener16OnTestPartResultERKNS_14TestPartResultE
FN:991,_ZN7testing22EmptyTestEventListener9OnTestEndERKNS_8TestInfoE
FNDA:0,_ZN7testing22EmptyTestEventListener9OnTestEndERKNS_8TestInfoE
FN:992,_ZN7testing22EmptyTestEventListener14OnTestSuiteEndERKNS_9TestSuiteE
FNDA:0,_ZN7testing22EmptyTestEventListener14OnTestSuiteEndERKNS_9TestSuiteE
FN:994,_ZN7testing22EmptyTestEventListener13OnTestCaseEndERKNS_9TestSuiteE
FNDA:0,_ZN7testing22EmptyTestEventListener13OnTestCaseEndERKNS_9TestSuiteE
FN:997,_ZN7testing22EmptyTestEventListener27OnEnvironmentsTearDownStartERKNS_8UnitTestE
FNDA:0,_ZN7testing22EmptyTestEventListener27OnEnvironmentsTearDownStartERKNS_8UnitTestE
FN:998,_ZN7testing22EmptyTestEventListener25OnEnvironmentsTearDownEndERKNS_8UnitTestE
FNDA:0,_ZN7testing22EmptyTestEventListener25OnEnvironmentsTearDownEndERKNS_8UnitTestE
FN:999,_ZN7testing22EmptyTestEventListener18OnTestIterationEndERKNS_8UnitTestEi
FNDA:0,_ZN7testing22EmptyTestEventListener18OnTestIterationEndERKNS_8UnitTestEi
FN:1001,_ZN7testing22EmptyTestEventListener16OnTestProgramEndERKNS_8UnitTestE
FNDA:0,_ZN7testing22EmptyTestEventListener16OnTestProgramEndERKNS_8UnitTestE
FN:1246,_ZN7testing8UnitTest4implEv
FNDA:0,_ZN7testing8UnitTest4implEv
FN:1247,_ZNK7testing8UnitTest4implEv
FNDA:0,_ZNK7testing8UnitTest4implEv
FN:1596,_ZN7testing8internal12AssertHelper16AssertHelperDataC2ENS_14TestPartResult4TypeEPKciS6_
FNDA:0,_ZN7testing8internal12AssertHelper16AssertHelperDataC2ENS_14TestPartResult4TypeEPKciS6_
FN:2259,_ZN7testing12RegisterTestIJEZNS_8internal34TypeParameterizedTestSuiteRegistry22CheckForInstantiationsEvEUlvE_EEPNS_8TestInfoEPKcS7_S7_S7_S7_iT0_
FNDA:0,_ZN7testing12RegisterTestIJEZNS_8internal34TypeParameterizedTestSuiteRegistry22CheckForInstantiationsEvEUlvE_EEPNS_8TestInfoEPKcS7_S7_S7_S7_iT0_
FN:2259,_ZN7testing12RegisterTestIJEZNS_8internal23InsertSyntheticTestCaseERKNSt7__cxx1112basic_stringIcSt11char_traitsIcESaIcEEENS1_12CodeLocationEbEUlvE_EEPNS_8TestInfoEPKcSF_SF_SF_SF_iT0_
FNDA:0,_ZN7testing12RegisterTestIJEZNS_8internal23InsertSyntheticTestCaseERKNSt7__cxx1112basic_stringIcSt11char_traitsIcESaIcEEENS1_12CodeLocationEbEUlvE_EEPNS_8TestInfoEPKcSF_SF_SF_SF_iT0_
FN:2266,_ZZN7testing12RegisterTestIJEZNS_8internal23InsertSyntheticTestCaseERKNSt7__cxx1112basic_stringIcSt11char_traitsIcESaIcEEENS1_12CodeLocationEbEUlvE_EEPNS_8TestInfoEPKcSF_SF_SF_SF_iT0_EN11FactoryImplC2ESB_
FNDA:0,_ZZN7testing12RegisterTestIJEZNS_8internal23InsertSyntheticTestCaseERKNSt7__cxx1112basic_stringIcSt11char_traitsIcESaIcEEENS1_12CodeLocationEbEUlvE_EEPNS_8TestInfoEPKcSF_SF_SF_SF_iT0_EN11FactoryImplC2ESB_
FN:2266,_ZZN7testing12RegisterTestIJEZNS_8internal34TypeParameterizedTestSuiteRegistry22CheckForInstantiationsEvEUlvE_EEPNS_8TestInfoEPKcS7_S7_S7_S7_iT0_EN11FactoryImplC2ES3_
FNDA:0,_ZZN7testing12RegisterTestIJEZNS_8internal34TypeParameterizedTestSuiteRegistry22CheckForInstantiationsEvEUlvE_EEPNS_8TestInfoEPKcS7_S7_S7_S7_iT0_EN11FactoryImplC2ES3_
FN:2267,_ZZN7testing12RegisterTestIJEZNS_8internal23InsertSyntheticTestCaseERKNSt7__cxx1112basic_stringIcSt11char_traitsIcESaIcEEENS1_12CodeLocationEbEUlvE_EEPNS_8TestInfoEPKcSF_SF_SF_SF_iT0_EN11FactoryImpl10CreateTestEv
FNDA:0,_ZZN7testing12RegisterTestIJEZNS_8internal23InsertSyntheticTestCaseERKNSt7__cxx1112basic_stringIcSt11char_traitsIcESaIcEEENS1_12CodeLocationEbEUlvE_EEPNS_8TestInfoEPKcSF_SF_SF_SF_iT0_EN11FactoryImpl10CreateTestEv
FN:2267,_ZZN7testing12RegisterTestIJEZNS_8internal34TypeParameterizedTestSuiteRegistry22CheckForInstantiationsEvEUlvE_EEPNS_8TestInfoEPKcS7_S7_S7_S7_iT0_EN11FactoryImpl10CreateTestEv
FNDA:0,_ZZN7testing12RegisterTestIJEZNS_8internal34TypeParameterizedTestSuiteRegistry22CheckForInstantiationsEvEUlvE_EEPNS_8TestInfoEPKcS7_S7_S7_S7_iT0_EN11FactoryImpl10CreateTestEv
DA:244,0
DA:252,0
DA:257,0
DA:258,0
DA:318,0
DA:339,0
DA:357,0
DA:358,0
DA:361,0
DA:364,0
DA:367,0
DA:398,0
DA:413,0
DA:417,0
DA:450,0
DA:453,0
DA:474,0
DA:477,0
DA:523,0
DA:531,0
DA:535,0
DA:536,0
DA:537,0
DA:542,0
DA:543,0
DA:544,0
DA:548,0
DA:551,0
DA:554,0
DA:572,0
DA:575,0
DA:578,0
DA:582,0
DA:610,0
DA:611,0
DA:621,0
DA:622,0
DA:623,0
DA:677,0
DA:681,0
DA:682,0
DA:683,0
DA:687,0
DA:714,0
DA:717,0
DA:718,0
DA:722,0
DA:726,0
DA:734,0
DA:741,0
DA:744,0
DA:745,0
DA:753,0
DA:763,0
DA:764,0
DA:765,0
DA:775,0
DA:776,0
DA:777,0
DA:779,0
DA:783,0
DA:784,0
DA:785,0
DA:787,0
DA:790,0
DA:791,0
DA:795,0
DA:796,0
DA:800,0
DA:801,0
DA:806,0
DA:807,0
DA:811,0
DA:812,0
DA:816,0
DA:817,0
DA:821,0
DA:822,0
DA:910,0
DA:910,0
DA:928,0
DA:932,0
DA:939,0
DA:950,0
DA:954,0
DA:977,0
DA:978,0
DA:979,0
DA:980,0
DA:981,0
DA:982,0
DA:985,0
DA:988,0
DA:989,0
DA:990,0
DA:991,0
DA:992,0
DA:994,0
DA:997,0
DA:998,0
DA:999,0
DA:1000,0
DA:1001,0
DA:1246,0
DA:1247,0
DA:1596,0
DA:1598,0
DA:2259,0
DA:2273,0
DA:2278,0
DA:2259,0
DA:2273,0
DA:2278,0
DA:2266,0
DA:2266,0
DA:2267,0
DA:2267,0
end_of_record
SF:/home/developer/workspace/tryings/sample/tools/googletest/googletest/include/gtest/internal/gtest-port.h
FN:967,_ZN7testing8internal8GTestLog9GetStreamEv
FNDA:0,_ZN7testing8internal8GTestLog9GetStreamEv
FN:983,_ZN7testing8internal11LogToStderrEv
FNDA:0,_ZN7testing8internal11LogToStderrEv
FN:984,_ZN7testing8internal12FlushInfoLogEv
FNDA:0,_ZN7testing8internal12FlushInfoLogEv
FN:1065,_ZN7testing8internal13ImplicitCast_IPKvEET_S4_
FNDA:0,_ZN7testing8internal13ImplicitCast_IPKvEET_S4_
FN:1116,_ZN7testing8internal27CheckedDowncastToActualTypeINS0_11ThreadLocalIPNS_31TestPartResultReporterInterfaceEE11ValueHolderENS0_26ThreadLocalValueHolderBaseEEEPT_PT0_
FNDA:0,_ZN7testing8internal27CheckedDowncastToActualTypeINS0_11ThreadLocalIPNS_31TestPartResultReporterInterfaceEE11ValueHolderENS0_26ThreadLocalValueHolderBaseEEEPT_PT0_
FN:1116,_ZN7testing8internal27CheckedDowncastToActualTypeINS0_11ThreadLocalISt6vectorINS0_9TraceInfoESaIS4_EEE11ValueHolderENS0_26ThreadLocalValueHolderBaseEEEPT_PT0_
FNDA:0,_ZN7testing8internal27CheckedDowncastToActualTypeINS0_11ThreadLocalISt6vectorINS0_9TraceInfoESaIS4_EEE11ValueHolderENS0_26ThreadLocalValueHolderBaseEEEPT_PT0_
FN:1619,_ZN7testing8internal9MutexBase4LockEv
FNDA:0,_ZN7testing8internal9MutexBase4LockEv
FN:1626,_ZN7testing8internal9MutexBase6UnlockEv
FNDA:0,_ZN7testing8internal9MutexBase6UnlockEv
FN:1676,_ZN7testing8internal5MutexC2Ev
FNDA:0,_ZN7testing8internal5MutexC2Ev
FN:1680,_ZN7testing8internal5MutexD2Ev
FNDA:0,_ZN7testing8internal5MutexD2Ev
FN:1694,_ZN7testing8internal14GTestMutexLockC2EPNS0_9MutexBaseE
FNDA:0,_ZN7testing8internal14GTestMutexLockC2EPNS0_9MutexBaseE
FN:1696,_ZN7testing8internal14GTestMutexLockD2Ev
FNDA:0,_ZN7testing8internal14GTestMutexLockD2Ev
FN:1715,_ZN7testing8internal26ThreadLocalValueHolderBaseD0Ev
FNDA:0,_ZN7testing8internal26ThreadLocalValueHolderBaseD0Ev
FN:1715,_ZN7testing8internal26ThreadLocalValueHolderBaseD2Ev
FNDA:0,_ZN7testing8internal26ThreadLocalValueHolderBaseD2Ev
FN:1720,DeleteThreadLocalValue
FNDA:0,DeleteThreadLocalValue
FN:1728,_ZN7testing8internal11ThreadLocalISt6vectorINS0_9TraceInfoESaIS3_EEEC2Ev
FNDA:0,_ZN7testing8internal11ThreadLocalISt6vectorINS0_9TraceInfoESaIS3_EEEC2Ev
FN:1730,_ZN7testing8internal11ThreadLocalIPNS_31TestPartResultReporterInterfaceEEC2ERKS3_
FNDA:0,_ZN7testing8internal11ThreadLocalIPNS_31TestPartResultReporterInterfaceEEC2ERKS3_
FN:1734,_ZN7testing8internal11ThreadLocalISt6vectorINS0_9TraceInfoESaIS3_EEED2Ev
FNDA:0,_ZN7testing8internal11ThreadLocalISt6vectorINS0_9TraceInfoESaIS3_EEED2Ev
FN:1734,_ZN7testing8internal11ThreadLocalIPNS_31TestPartResultReporterInterfaceEED2Ev
FNDA:0,_ZN7testing8internal11ThreadLocalIPNS_31TestPartResultReporterInterfaceEED2Ev
FN:1743,_ZN7testing8internal11ThreadLocalISt6vectorINS0_9TraceInfoESaIS3_EEE7pointerEv
FNDA:0,_ZN7testing8internal11ThreadLocalISt6vectorINS0_9TraceInfoESaIS3_EEE7pointerEv
FN:1743,_ZN7testing8internal11ThreadLocalIPNS_31TestPartResultReporterInterfaceEE7pointerEv
FNDA:0,_ZN7testing8internal11ThreadLocalIPNS_31TestPartResultReporterInterfaceEE7pointerEv
FN:1744,_ZNK7testing8internal11ThreadLocalIPNS_31TestPartResultReporterInterfaceEE7pointerEv
FNDA:0,_ZNK7testing8internal11ThreadLocalIPNS_31TestPartResultReporterInterfaceEE7pointerEv
FN:1745,_ZNK7testing8internal11ThreadLocalIPNS_31TestPartResultReporterInterfaceEE3getEv
FNDA:0,_ZNK7testing8internal11ThreadLocalIPNS_31TestPartResultReporterInterfaceEE3getEv
FN:1746,_ZN7testing8internal11ThreadLocalIPNS_31TestPartResultReporterInterfaceEE3setERKS3_
FNDA:0,_ZN7testing8internal11ThreadLocalIPNS_31TestPartResultReporterInterfaceEE3setERKS3_
FN:1752,_ZN7testing8internal11ThreadLocalISt6vectorINS0_9TraceInfoESaIS3_EEE11ValueHolderC2Ev
FNDA:0,_ZN7testing8internal11ThreadLocalISt6vectorINS0_9TraceInfoESaIS3_EEE11ValueHolderC2Ev
FN:1753,_ZN7testing8internal11ThreadLocalIPNS_31TestPartResultReporterInterfaceEE11ValueHolderC2ERKS3_
FNDA:0,_ZN7testing8internal11ThreadLocalIPNS_31TestPartResultReporterInterfaceEE11ValueHolderC2ERKS3_
FN:1755,_ZN7testing8internal11ThreadLocalIPNS_31TestPartResultReporterInterfaceEE11ValueHolder7pointerEv
FNDA:0,_ZN7testing8internal11ThreadLocalIPNS_31TestPartResultReporterInterfaceEE11ValueHolder7pointerEv
FN:1755,_ZN7testing8internal11ThreadLocalISt6vectorINS0_9TraceInfoESaIS3_EEE11ValueHolder7pointerEv
FNDA:0,_ZN7testing8internal11ThreadLocalISt6vectorINS0_9TraceInfoESaIS3_EEE11ValueHolder7pointerEv
FN:1763,_ZN7testing8internal11ThreadLocalIPNS_31TestPartResultReporterInterfaceEE9CreateKeyEv
FNDA:0,_ZN7testing8internal11ThreadLocalIPNS_31TestPartResultReporterInterfaceEE9CreateKeyEv
FN:1763,_ZN7testing8internal11ThreadLocalISt6vectorINS0_9TraceInfoESaIS3_EEE9CreateKeyEv
FNDA:0,_ZN7testing8internal11ThreadLocalISt6vectorINS0_9TraceInfoESaIS3_EEE9CreateKeyEv
FN:1772,_ZNK7testing8internal11ThreadLocalISt6vectorINS0_9TraceInfoESaIS3_EEE16GetOrCreateValueEv
FNDA:0,_ZNK7testing8internal11ThreadLocalISt6vectorINS0_9TraceInfoESaIS3_EEE16GetOrCreateValueEv
FN:1772,_ZNK7testing8internal11ThreadLocalIPNS_31TestPartResultReporterInterfaceEE16GetOrCreateValueEv
FNDA:0,_ZNK7testing8internal11ThreadLocalIPNS_31TestPartResultReporterInterfaceEE16GetOrCreateValueEv
FN:1787,_ZN7testing8internal11ThreadLocalIPNS_31TestPartResultReporterInterfaceEE18ValueHolderFactoryC2Ev
FNDA:0,_ZN7testing8internal11ThreadLocalIPNS_31TestPartResultReporterInterfaceEE18ValueHolderFactoryC2Ev
FN:1787,_ZN7testing8internal11ThreadLocalISt6vectorINS0_9TraceInfoESaIS3_EEE18ValueHolderFactoryC2Ev
FNDA:0,_ZN7testing8internal11ThreadLocalISt6vectorINS0_9TraceInfoESaIS3_EEE18ValueHolderFactoryC2Ev
FN:1788,_ZN7testing8internal11ThreadLocalISt6vectorINS0_9TraceInfoESaIS3_EEE18ValueHolderFactoryD0Ev
FNDA:0,_ZN7testing8internal11ThreadLocalISt6vectorINS0_9TraceInfoESaIS3_EEE18ValueHolderFactoryD0Ev
FN:1788,_ZN7testing8internal11ThreadLocalISt6vectorINS0_9TraceInfoESaIS3_EEE18ValueHolderFactoryD2Ev
FNDA:0,_ZN7testing8internal11ThreadLocalISt6vectorINS0_9TraceInfoESaIS3_EEE18ValueHolderFactoryD2Ev
FN:1788,_ZN7testing8internal11ThreadLocalIPNS_31TestPartResultReporterInterfaceEE18ValueHolderFactoryD0Ev
FNDA:0,_ZN7testing8internal11ThreadLocalIPNS_31TestPartResultReporterInterfaceEE18ValueHolderFactoryD0Ev
FN:1788,_ZN7testing8internal11ThreadLocalIPNS_31TestPartResultReporterInterfaceEE18ValueHolderFactoryD2Ev
FNDA:0,_ZN7testing8internal11ThreadLocalIPNS_31TestPartResultReporterInterfaceEE18ValueHolderFactoryD2Ev
FN:1798,_ZN7testing8internal11ThreadLocalISt6vectorINS0_9TraceInfoESaIS3_EEE25DefaultValueHolderFactoryC2Ev
FNDA:0,_ZN7testing8internal11ThreadLocalISt6vectorINS0_9TraceInfoESaIS3_EEE25DefaultValueHolderFactoryC2Ev
FN:1799,_ZNK7testing8internal11ThreadLocalISt6vectorINS0_9TraceInfoESaIS3_EEE25DefaultValueHolderFactory13MakeNewHolderEv
FNDA:0,_ZNK7testing8internal11ThreadLocalISt6vectorINS0_9TraceInfoESaIS3_EEE25DefaultValueHolderFactory13MakeNewHolderEv
FN:1809,_ZN7testing8internal11ThreadLocalIPNS_31TestPartResultReporterInterfaceEE26InstanceValueHolderFactoryC2ERKS3_
FNDA:0,_ZN7testing8internal11ThreadLocalIPNS_31TestPartResultReporterInterfaceEE26InstanceValueHolderFactoryC2ERKS3_
FN:1810,_ZNK7testing8internal11ThreadLocalIPNS_31TestPartResultReporterInterfaceEE26InstanceValueHolderFactory13MakeNewHolderEv
FNDA:0,_ZNK7testing8internal11ThreadLocalIPNS_31TestPartResultReporterInterfaceEE26InstanceValueHolderFactory13MakeNewHolderEv
FN:1905,_ZN7testing8internal7IsDigitEc
FNDA:0,_ZN7testing8internal7IsDigitEc
FN:1911,_ZN7testing8internal7IsSpaceEc
FNDA:0,_ZN7testing8internal7IsSpaceEc
FN:1917,_ZN7testing8internal8IsXDigitEc
FNDA:0,_ZN7testing8internal8IsXDigitEc
FN:1925,_ZN7testing8internal8IsXDigitEDs
FNDA:0,_ZN7testing8internal8IsXDigitEDs
FN:1929,_ZN7testing8internal8IsXDigitEDi
FNDA:0,_ZN7testing8internal8IsXDigitEDi
FN:1933,_ZN7testing8internal8IsXDigitEw
FNDA:0,_ZN7testing8internal8IsXDigitEw
FN:1941,_ZN7testing8internal7ToUpperEc
FNDA:0,_ZN7testing8internal7ToUpperEc
FN:1945,_ZN7testing8internal19StripTrailingSpacesENSt7__cxx1112basic_stringIcSt11char_traitsIcESaIcEEE
FNDA:0,_ZN7testing8internal19StripTrailingSpacesENSt7__cxx1112basic_stringIcSt11char_traitsIcESaIcEEE
FN:2015,_ZN7testing8internal5posix6FileNoEP8_IO_FILE
FNDA:0,_ZN7testing8internal5posix6FileNoEP8_IO_FILE
FN:2016,_ZN7testing8internal5posix8DoIsATTYEi
FNDA:0,_ZN7testing8internal5posix8DoIsATTYEi
FN:2017,_ZN7testing8internal5posix4StatEPKcP4stat
FNDA:0,_ZN7testing8internal5posix4StatEPKcP4stat
FN:2018,_ZN7testing8internal5posix10StrCaseCmpEPKcS3_
FNDA:0,_ZN7testing8internal5posix10StrCaseCmpEPKcS3_
FN:2021,_ZN7testing8internal5posix6StrDupEPKc
FNDA:0,_ZN7testing8internal5posix6StrDupEPKc
FN:2023,_ZN7testing8internal5posix5IsDirERK4stat
FNDA:0,_ZN7testing8internal5posix5IsDirERK4stat
FN:2027,_ZN7testing8internal5posix6IsATTYEi
FNDA:0,_ZN7testing8internal5posix6IsATTYEi
FN:2050,_ZN7testing8internal5posix5FOpenEPKcS3_
FNDA:0,_ZN7testing8internal5posix5FOpenEPKcS3_
FN:2065,_ZN7testing8internal5posix6FDOpenEiPKc
FNDA:0,_ZN7testing8internal5posix6FDOpenEiPKc
FN:2067,_ZN7testing8internal5posix6FCloseEP8_IO_FILE
FNDA:0,_ZN7testing8internal5posix6FCloseEP8_IO_FILE
FN:2069,_ZN7testing8internal5posix4ReadEiPvj
FNDA:0,_ZN7testing8internal5posix4ReadEiPvj
FN:2072,_ZN7testing8internal5posix5WriteEiPKvj
FNDA:0,_ZN7testing8internal5posix5WriteEiPKvj
FN:2075,_ZN7testing8internal5posix5CloseEi
FNDA:0,_ZN7testing8internal5posix5CloseEi
FN:2076,_ZN7testing8internal5posix8StrErrorEi
FNDA:0,_ZN7testing8internal5posix8StrErrorEi
FN:2078,_ZN7testing8internal5posix6GetEnvEPKc
FNDA:0,_ZN7testing8internal5posix6GetEnvEPKc
FN:2102,_ZN7testing8internal5posix5AbortEv
FNDA:0,_ZN7testing8internal5posix5AbortEv
DA:967,0
DA:983,0
DA:984,0
DA:1065,0
DA:1066,0
DA:1116,0
DA:1118,0
DA:1124,0
DA:1116,0
DA:1118,0
DA:1124,0
DA:1619,0
DA:1620,0
DA:1621,0
DA:1622,0
DA:1623,0
DA:1626,0
DA:1631,0
DA:1632,0
DA:1633,0
DA:1676,0
DA:1677,0
DA:1678,0
DA:1679,0
DA:1680,0
DA:1694,0
DA:1696,0
DA:1715,0
DA:1715,0
DA:1720,0
DA:1721,0
DA:1722,0
DA:1728,0
DA:1729,0
DA:1730,0
DA:1731,0
DA:1732,0
DA:1734,0
DA:1736,0
DA:1740,0
DA:1741,0
DA:1734,0
DA:1736,0
DA:1740,0
DA:1741,0
DA:1743,0
DA:1743,0
DA:1744,0
DA:1745,0
DA:1746,0
DA:1752,0
DA:1753,0
DA:1755,0
DA:1755,0
DA:1763,0
DA:1767,0
DA:1769,0
DA:1763,0
DA:1767,0
DA:1769,0
DA:1772,0
DA:1774,0
DA:1775,0
DA:1776,0
DA:1779,0
DA:1780,0
DA:1781,0
DA:1782,0
DA:1772,0
DA:1774,0
DA:1775,0
DA:1776,0
DA:1779,0
DA:1780,0
DA:1781,0
DA:1782,0
DA:1787,0
DA:1787,0
DA:1788,0
DA:1788,0
DA:1788,0
DA:1788,0
DA:1798,0
DA:1799,0
DA:1809,0
DA:1810,0
DA:1811,0
DA:1905,0
DA:1906,0
DA:1911,0
DA:1912,0
DA:1917,0
DA:1918,0
DA:1925,0
DA:1926,0
DA:1927,0
DA:1929,0
DA:1930,0
DA:1931,0
DA:1933,0
DA:1934,0
DA:1935,0
DA:1941,0
DA:1942,0
DA:1945,0
DA:1946,0
DA:1947,0
DA:1948,0
DA:2015,0
DA:2016,0
DA:2017,0
DA:2018,0
DA:2019,0
DA:2021,0
DA:2023,0
DA:2027,0
DA:2031,0
DA:2032,0
DA:2033,0
DA:2035,0
DA:2050,0
DA:2058,0
DA:2065,0
DA:2067,0
DA:2069,0
DA:2070,0
DA:2072,0
DA:2073,0
DA:2075,0
DA:2076,0
DA:2078,0
DA:2090,0
DA:2102,0
end_of_record
